2015-05-14 09:41:36 INFO LoginMinaThread:48 - 随机选择登陆服务器 182.18.47.10:8009
2015-05-14 09:41:40 INFO LoginMinaHandler:107 - 获取的登录用户名为: Teemo
2015-05-14 09:41:41 INFO LoginMinaHandler:110 - 登陆的房间编号为: 928 床
2015-05-14 09:41:41 INFO LoginMinaHandler:113 - 加入的讨论群组为: 0 组
2015-05-14 09:41:41 INFO ContentMinaThread:41 - 随机选择弹幕服务器 danmu.douyutv.com:12601
2015-05-14 09:43:21 INFO LoginMinaThread:48 - 随机选择登陆服务器 182.18.47.18:8057
2015-05-14 09:43:21 INFO LoginMinaHandler:98 - 服务器返回错误代码:206
2015-05-14 09:43:21 INFO LoginMinaHandler:98 - 服务器返回错误代码:51
2015-05-14 09:43:21 INFO LoginMinaHandler:167 - 失去与验证服务器的连接
2015-05-14 09:43:37 INFO LoginMinaThread:48 - 随机选择登陆服务器 182.18.47.22:8017
2015-05-14 09:43:41 INFO LoginMinaHandler:107 - 获取的登录用户名为: Teemo
2015-05-14 09:43:41 INFO LoginMinaHandler:110 - 登陆的房间编号为: 56040 床
2015-05-14 09:43:41 INFO LoginMinaHandler:113 - 加入的讨论群组为: 139 组
2015-05-14 09:43:41 INFO ContentMinaThread:41 - 随机选择弹幕服务器 danmu.douyutv.com:12601
2015-05-14 09:43:43 INFO ContentMinaHandler:93 - 接收到弹幕消息	X9seven : 换歌！
2015-05-14 09:43:44 INFO ContentMinaHandler:93 - 接收到弹幕消息	xh09963927 : 不A下吗
2015-05-14 09:43:45 INFO ContentMinaHandler:93 - 接收到弹幕消息	凉城1949 : 6666666666666666666666666
2015-05-14 09:43:45 INFO ContentMinaHandler:93 - 接收到弹幕消息	datura13 : 豹女是拆迁队的
2015-05-14 09:43:45 INFO ContentMinaHandler:93 - 接收到弹幕消息	哥是肥肥 : 一点也不慌哦
2015-05-14 09:43:46 INFO ContentMinaHandler:93 - 接收到弹幕消息	做你想做 : 推完就往下走嘛
2015-05-14 09:43:46 INFO ContentMinaHandler:93 - 接收到弹幕消息	767775699 : 66666666666666
2015-05-14 09:43:46 INFO ContentMinaHandler:93 - 接收到弹幕消息	65466416132 : 口活真心不错
2015-05-14 09:43:46 INFO ContentMinaHandler:93 - 接收到弹幕消息	油条公子世无双 : 哈哈哈怎么发出的声音
2015-05-14 09:43:47 INFO ContentMinaHandler:93 - 接收到弹幕消息	滚键盘起名 : 油条胡言乱语@@！%……#%*（）
2015-05-14 09:43:48 INFO ContentMinaHandler:93 - 接收到弹幕消息	GOODNOY : 鲁布鲁布鲁布鲁布
2015-05-14 09:43:48 INFO ContentMinaHandler:93 - 接收到弹幕消息	银河系搭车客 : 6666666666666
2015-05-14 09:43:49 INFO ContentMinaHandler:93 - 接收到弹幕消息	路人别哭 : 啊噜噜噜噜噜噜
2015-05-14 09:43:49 INFO ContentMinaHandler:93 - 接收到弹幕消息	为了JEEP的JalenZ : 实力啊
2015-05-14 09:43:49 INFO ContentMinaHandler:93 - 接收到弹幕消息	傻傻傻缺缺是小野马 : 油条求你了换歌求你了我求你
2015-05-14 09:43:50 INFO ContentMinaHandler:93 - 接收到弹幕消息	Scenic : 灵活的舌头
2015-05-14 09:43:51 INFO ContentMinaHandler:93 - 接收到弹幕消息	Cher1112 : 再来一个啊困困困
2015-05-14 09:43:51 INFO ContentMinaHandler:93 - 接收到弹幕消息	小恶棍 : 换歌！！！！！！！！！！
2015-05-14 09:43:51 INFO ContentMinaHandler:93 - 接收到弹幕消息	xiaobo55667 : 666666666
2015-05-14 09:43:52 INFO ContentMinaHandler:93 - 接收到弹幕消息	806513201 : 23333333333333333333
2015-05-14 09:43:52 INFO ContentMinaHandler:93 - 接收到弹幕消息	2521382534 : 这舌头
2015-05-14 09:43:52 INFO ContentMinaHandler:93 - 接收到弹幕消息	YuHAnHX : 我感觉油条刚才那个声音好搞笑
2015-05-14 09:43:52 INFO ContentMinaHandler:93 - 接收到弹幕消息	小小逗比好开心 : 我将带领你们走向死亡
2015-05-14 09:43:53 INFO ContentMinaHandler:93 - 接收到弹幕消息	zcjasdf : 要耀光，就秒了
2015-05-14 09:43:53 INFO ContentMinaHandler:93 - 接收到弹幕消息	18022397985 : 豹女跳墙跳了半天
2015-05-14 09:43:54 INFO ContentMinaHandler:108 - 接收到礼物消息	Bladesofexile 赠送给主播100个鱼丸
2015-05-14 09:43:54 INFO ContentMinaHandler:93 - 接收到弹幕消息	qq_12WHTN : 舌头好灵活啊
2015-05-14 09:43:56 INFO ContentMinaHandler:93 - 接收到弹幕消息	WHSheep : 没人觉得油条这舌头，小红花幸福死了吗
2015-05-14 09:43:57 INFO ContentMinaHandler:93 - 接收到弹幕消息	18athrun : balabalabala是甚N鬼
2015-05-14 09:43:57 INFO ContentMinaHandler:93 - 接收到弹幕消息	南山归南去 : 换歌2
2015-05-14 09:43:58 INFO ContentMinaHandler:93 - 接收到弹幕消息	aweiweinihao : 豹女:师傅你憋送了行不
2015-05-14 09:43:59 INFO ContentMinaHandler:93 - 接收到弹幕消息	小小milk : 从来没慌过
2015-05-14 09:44:00 INFO ContentMinaHandler:93 - 接收到弹幕消息	叫我Bizzy : 也就尼玛白银分段，平a都不会
2015-05-14 09:44:00 INFO ContentMinaHandler:93 - 接收到弹幕消息	1156784941 : 光速QQQ
2015-05-14 09:44:02 INFO ContentMinaHandler:93 - 接收到弹幕消息	那一剑黯然消魂 : 小红花好幸福
2015-05-14 09:44:02 INFO ContentMinaHandler:93 - 接收到弹幕消息	南非拉斯的小男人 : 累死你
2015-05-14 10:28:27 INFO LoginMinaThread:49 - 随机选择登陆服务器 182.18.47.23:8029
2015-05-14 10:28:31 INFO LoginMinaHandler:107 - 获取的登录用户名为: visitor28337480
2015-05-14 10:28:31 INFO LoginMinaHandler:110 - 登陆的房间编号为: 56040 床
2015-05-14 10:28:31 INFO LoginMinaHandler:113 - 加入的讨论群组为: 163 组
2015-05-14 10:28:32 INFO ContentMinaThread:41 - 随机选择弹幕服务器 danmu.douyutv.com:8602
2015-05-14 10:28:33 INFO LoginMinaHandler:98 - 服务器返回错误代码:51
2015-05-14 10:28:33 INFO LoginMinaHandler:98 - 服务器返回错误代码:51
2015-05-14 10:28:33 INFO LoginMinaHandler:167 - 失去与验证服务器的连接
2015-05-14 10:28:33 INFO ContentMinaHandler:93 - 接收到弹幕消息	流川的十号 : 66666一局瞎子 油条
2015-05-14 10:28:33 INFO ContentMinaHandler:93 - 接收到弹幕消息	1003861585 : ..
2015-05-14 10:28:34 INFO ContentMinaHandler:93 - 接收到弹幕消息	qianggehenka : 再来一把
2015-05-14 10:28:34 INFO ContentMinaHandler:93 - 接收到弹幕消息	天灬Excalibur : 唉 这房间言论不能自由发表么？OAO？？
2015-05-14 10:28:36 INFO ContentMinaHandler:93 - 接收到弹幕消息	柏森柏森 : 说出杀人剑逗的也是666666
2015-05-14 10:28:37 INFO ContentMinaHandler:93 - 接收到弹幕消息	哈里鸡哥 : 哎，中亚都还没有出。。
2015-05-14 10:28:38 INFO ContentMinaHandler:93 - 接收到弹幕消息	光屁股外星人123456 : 这个本身不就是塑料分段吗
2015-05-14 10:28:39 INFO ContentMinaHandler:93 - 接收到弹幕消息	右言 : 872866454
2015-05-14 10:28:48 INFO LoginMinaThread:49 - 随机选择登陆服务器 182.18.47.10:8007
2015-05-14 10:28:48 INFO LoginMinaHandler:98 - 服务器返回错误代码:206
2015-05-14 10:28:48 INFO LoginMinaHandler:98 - 服务器返回错误代码:51
2015-05-14 10:28:48 INFO LoginMinaHandler:167 - 失去与验证服务器的连接
2015-05-14 10:28:56 INFO LoginMinaThread:49 - 随机选择登陆服务器 182.18.47.22:8013
2015-05-14 10:28:56 INFO LoginMinaHandler:98 - 服务器返回错误代码:206
2015-05-14 10:28:56 INFO LoginMinaHandler:98 - 服务器返回错误代码:51
2015-05-14 10:28:56 INFO LoginMinaHandler:167 - 失去与验证服务器的连接
2015-05-14 10:29:04 INFO LoginMinaThread:49 - 随机选择登陆服务器 182.18.47.18:8058
2015-05-14 10:29:08 INFO LoginMinaHandler:107 - 获取的登录用户名为: visitor28340241
2015-05-14 10:29:08 INFO LoginMinaHandler:110 - 登陆的房间编号为: 56040 床
2015-05-14 10:29:09 INFO LoginMinaHandler:113 - 加入的讨论群组为: 139 组
2015-05-14 10:29:09 INFO ContentMinaThread:41 - 随机选择弹幕服务器 danmu.douyutv.com:8602
2015-05-14 10:29:10 INFO LoginMinaHandler:98 - 服务器返回错误代码:51
2015-05-14 10:29:10 INFO LoginMinaHandler:167 - 失去与验证服务器的连接
2015-05-14 10:29:18 INFO LoginMinaThread:49 - 随机选择登陆服务器 182.18.47.18:8053
2015-05-14 10:29:23 INFO LoginMinaHandler:107 - 获取的登录用户名为: visitor28341516
2015-05-14 10:29:23 INFO LoginMinaHandler:110 - 登陆的房间编号为: 56040 床
2015-05-14 10:29:23 INFO LoginMinaHandler:113 - 加入的讨论群组为: 159 组
2015-05-14 10:29:23 INFO ContentMinaThread:41 - 随机选择弹幕服务器 danmu.douyutv.com:8602
2015-05-14 10:29:24 INFO LoginMinaHandler:98 - 服务器返回错误代码:51
2015-05-14 10:29:24 INFO LoginMinaHandler:167 - 失去与验证服务器的连接
2015-05-14 10:29:25 INFO ContentMinaHandler:93 - 接收到弹幕消息	你看阳光甚好 : 教你做人
2015-05-14 10:29:25 INFO ContentMinaHandler:93 - 接收到弹幕消息	候鸟忘季迁 : 室友临死前想看AP小王八
2015-05-14 10:29:25 INFO ContentMinaHandler:93 - 接收到弹幕消息	阿呀呀呀呀啊 : 教你做人
2015-05-14 10:29:26 INFO ContentMinaHandler:93 - 接收到弹幕消息	liubaixiu : 教你做人
2015-05-14 10:29:54 INFO LoginMinaThread:49 - 随机选择登陆服务器 182.18.47.10:8001
2015-05-14 10:29:58 INFO LoginMinaHandler:107 - 获取的登录用户名为: visitor28344693
2015-05-14 10:29:58 INFO LoginMinaHandler:110 - 登陆的房间编号为: 56040 床
2015-05-14 10:29:58 INFO LoginMinaHandler:113 - 加入的讨论群组为: 159 组
2015-05-14 10:29:58 INFO ContentMinaThread:41 - 随机选择弹幕服务器 danmu.douyutv.com:8601
2015-05-14 10:29:59 INFO LoginMinaHandler:167 - 失去与验证服务器的连接
2015-05-14 10:30:37 INFO LoginMinaThread:49 - 随机选择登陆服务器 182.18.47.22:8019
2015-05-14 10:30:42 INFO LoginMinaHandler:107 - 获取的登录用户名为: visitor28348453
2015-05-14 10:30:42 INFO LoginMinaHandler:110 - 登陆的房间编号为: 56040 床
2015-05-14 10:30:42 INFO LoginMinaHandler:113 - 加入的讨论群组为: 162 组
2015-05-14 10:30:42 INFO ContentMinaThread:41 - 随机选择弹幕服务器 danmu.douyutv.com:8602
2015-05-14 10:30:43 INFO LoginMinaHandler:98 - 服务器返回错误代码:51
2015-05-14 10:30:43 INFO LoginMinaHandler:167 - 失去与验证服务器的连接
2015-05-14 10:30:44 INFO ContentMinaHandler:93 - 接收到弹幕消息	313627459 : 主播电脑什么配置，多少钱啊
2015-05-14 10:30:44 INFO ContentMinaHandler:93 - 接收到弹幕消息	zh2116365 : 机智6666
2015-05-14 10:30:46 INFO ContentMinaHandler:93 - 接收到弹幕消息	last还爱你 : bgm
2015-05-14 10:30:47 INFO ContentMinaHandler:93 - 接收到弹幕消息	286530510 : 666666
2015-05-14 10:30:48 INFO ContentMinaHandler:93 - 接收到弹幕消息	baoz0uNT : 皮肤能换颜色了吗？
2015-05-14 10:31:35 INFO LoginMinaThread:49 - 随机选择登陆服务器 182.18.47.23:8036
2015-05-14 10:31:40 INFO LoginMinaHandler:107 - 获取的登录用户名为: visitor28354015
2015-05-14 10:31:40 INFO LoginMinaHandler:110 - 登陆的房间编号为: 56040 床
2015-05-14 10:31:40 INFO LoginMinaHandler:113 - 加入的讨论群组为: 163 组
2015-05-14 10:31:40 INFO ContentMinaThread:41 - 随机选择弹幕服务器 danmu.douyutv.com:8601
2015-05-14 10:31:41 INFO LoginMinaHandler:98 - 服务器返回错误代码:51
2015-05-14 10:31:41 INFO LoginMinaHandler:167 - 失去与验证服务器的连接
2015-05-14 10:31:42 INFO ContentMinaHandler:93 - 接收到弹幕消息	13851121615 : 20
2015-05-14 10:31:42 INFO ContentMinaHandler:93 - 接收到弹幕消息	空大暖男 : 20
2015-05-14 10:31:43 INFO ContentMinaHandler:93 - 接收到弹幕消息	小呆萌打怪兽 : 换颜色
2015-05-14 10:31:43 INFO ContentMinaHandler:93 - 接收到弹幕消息	hs890404 : 直接克制一切不幸么
2015-05-14 10:31:44 INFO ContentMinaHandler:93 - 接收到弹幕消息	辩丽横肆 : 克制所有中单不就完了
2015-05-14 10:31:45 INFO ContentMinaHandler:93 - 接收到弹幕消息	沈益达c : 强行克制一波
2015-05-14 10:31:45 INFO ContentMinaHandler:93 - 接收到弹幕消息	骗人说有六块腹肌 : 还有卡牌
2015-05-14 10:31:45 INFO ContentMinaHandler:93 - 接收到弹幕消息	1982970882 : 200
2015-05-14 10:31:46 INFO ContentMinaHandler:93 - 接收到弹幕消息	神勇无敌小萌主 : 赶快说BGM ！
2015-05-14 10:31:46 INFO ContentMinaHandler:93 - 接收到弹幕消息	毅介毅介的毅介 : 全克
2015-05-14 10:31:47 INFO ContentMinaHandler:93 - 接收到弹幕消息	1005434725 : 我他吗打游戏见到这种情况直接秒
2015-05-14 10:31:48 INFO ContentMinaHandler:93 - 接收到弹幕消息	AventadorZhao : 求歌曲
2015-05-14 10:31:48 INFO ContentMinaHandler:93 - 接收到弹幕消息	1223171144 : hahhahha
2015-05-14 10:31:49 INFO ContentMinaHandler:93 - 接收到弹幕消息	wawdmm : 还有狐狸
2015-05-14 10:31:49 INFO ContentMinaHandler:93 - 接收到弹幕消息	445089718 : 克一切
2015-05-14 10:31:49 INFO ContentMinaHandler:93 - 接收到弹幕消息	yzyarcher : 哈哈哈哈哈
2015-05-14 10:31:50 INFO ContentMinaHandler:93 - 接收到弹幕消息	18671124709 : 给个好友呗？？？、？？？
2015-05-14 10:31:50 INFO ContentMinaHandler:93 - 接收到弹幕消息	2506291140 : 这帮煞笔白银天天20
2015-05-14 10:31:51 INFO ContentMinaHandler:93 - 接收到弹幕消息	plo12315 : 油条 强行被呵呵了。。
2015-05-14 10:31:51 INFO ContentMinaHandler:93 - 接收到弹幕消息	落幕后的幸福 : 换颜色
2015-05-14 10:31:52 INFO ContentMinaHandler:93 - 接收到弹幕消息	1301283691 : 四楼表示:  日女中单
2015-05-14 10:31:53 INFO ContentMinaHandler:93 - 接收到弹幕消息	1029580592 : 66666666666666666666
2015-05-14 10:31:54 INFO ContentMinaHandler:108 - 接收到礼物消息	哼哼的筱 赠送给主播100个鱼丸
2015-05-14 10:31:54 INFO ContentMinaHandler:93 - 接收到弹幕消息	492742832 : 机械人是个什么鬼
2015-05-14 10:31:55 INFO ContentMinaHandler:93 - 接收到弹幕消息	长路漫漫伴我闯 : 邦邦邦
2015-05-14 10:31:55 INFO ContentMinaHandler:93 - 接收到弹幕消息	天使的呢喃 : [emot:laughing]
2015-05-14 10:31:56 INFO ContentMinaHandler:93 - 接收到弹幕消息	779471291 : 变色变色变色
2015-05-14 10:31:56 INFO ContentMinaHandler:93 - 接收到弹幕消息	mbj910418 : 笑尿了
2015-05-14 10:31:56 INFO ContentMinaHandler:93 - 接收到弹幕消息	沈益达c : 强行克制一波.
2015-05-14 10:32:16 INFO LoginMinaThread:49 - 随机选择登陆服务器 182.18.47.18:8059
2015-05-14 10:32:21 INFO LoginMinaHandler:107 - 获取的登录用户名为: visitor28357811
2015-05-14 10:32:21 INFO LoginMinaHandler:110 - 登陆的房间编号为: 56040 床
2015-05-14 10:32:21 INFO LoginMinaHandler:113 - 加入的讨论群组为: 162 组
2015-05-14 10:32:21 INFO ContentMinaThread:41 - 随机选择弹幕服务器 danmu.douyutv.com:8602
2015-05-14 10:32:22 INFO LoginMinaHandler:167 - 失去与验证服务器的连接
2015-05-14 10:32:23 INFO ContentMinaHandler:93 - 接收到弹幕消息	xxgz56 : 实力克制所有英雄
2015-05-14 10:32:23 INFO ContentMinaHandler:93 - 接收到弹幕消息	我蛋碎 : 队友说这把GG
2015-05-14 10:32:23 INFO ContentMinaHandler:93 - 接收到弹幕消息	画眸难画情 : 对面以为212酚路
2015-05-14 10:32:24 INFO ContentMinaHandler:93 - 接收到弹幕消息	落幕后的幸福 : 换颜色啊
2015-05-14 10:32:24 INFO ContentMinaHandler:93 - 接收到弹幕消息	1256218648 : 自信‘
2015-05-14 10:32:24 INFO ContentMinaHandler:93 - 接收到弹幕消息	mmmmmm丶灰色 : 打野VN还可以
2015-05-14 10:32:25 INFO ContentMinaHandler:93 - 接收到弹幕消息	血染髁 : 机器人专治各种不服..
2015-05-14 10:32:25 INFO ContentMinaHandler:93 - 接收到弹幕消息	反覆覆反复 : 对面一看俩辅助俩AD
2015-05-14 10:32:26 INFO ContentMinaHandler:93 - 接收到弹幕消息	小熊维尼爱吃辣cC : 全是奇葩阵容 哈哈哈
2015-05-14 10:34:04 INFO LoginMinaThread:49 - 随机选择登陆服务器 182.18.47.23:8023
2015-05-14 10:34:08 INFO LoginMinaHandler:107 - 获取的登录用户名为: visitor28366440
2015-05-14 10:34:08 INFO LoginMinaHandler:110 - 登陆的房间编号为: 56040 床
2015-05-14 10:34:08 INFO LoginMinaHandler:113 - 加入的讨论群组为: 163 组
2015-05-14 10:34:09 INFO ContentMinaThread:41 - 随机选择弹幕服务器 danmu.douyutv.com:12602
2015-05-14 10:34:10 INFO LoginMinaHandler:98 - 服务器返回错误代码:51
2015-05-14 10:34:10 INFO LoginMinaHandler:167 - 失去与验证服务器的连接
2015-05-14 10:34:10 INFO ContentMinaHandler:93 - 接收到弹幕消息	lost_mao : 油条可以帮我玩玩我的号么
2015-05-14 10:34:10 INFO ContentMinaHandler:93 - 接收到弹幕消息	15032309868 : 我的天空
2015-05-14 10:34:11 INFO ContentMinaHandler:93 - 接收到弹幕消息	2993812059 : 辅助卡特不是刷钱刷到爆辅助卡特不是刷钱刷
2015-05-14 10:34:12 INFO ContentMinaHandler:93 - 接收到弹幕消息	七m主 : 分手 啪啪啪啪
2015-05-14 10:34:12 INFO ContentMinaHandler:93 - 接收到弹幕消息	蘑菇仙森 : 玩好了   也牛逼
2015-05-14 10:34:13 INFO ContentMinaHandler:93 - 接收到弹幕消息	chenlin7 : 重中之重
2015-05-14 10:34:13 INFO ContentMinaHandler:93 - 接收到弹幕消息	屁屁小孩 : 花姐,,,管管油条
2015-05-14 10:34:32 INFO LoginMinaThread:49 - 随机选择登陆服务器 182.18.47.10:8005
2015-05-14 10:34:36 INFO LoginMinaHandler:107 - 获取的登录用户名为: visitor28369242
2015-05-14 10:34:36 INFO LoginMinaHandler:110 - 登陆的房间编号为: 56040 床
2015-05-14 10:34:36 INFO LoginMinaHandler:113 - 加入的讨论群组为: 139 组
2015-05-14 10:34:36 INFO ContentMinaThread:41 - 随机选择弹幕服务器 danmu.douyutv.com:8602
2015-05-14 10:34:38 INFO ContentMinaHandler:93 - 接收到弹幕消息	刚猛擎天柱 : 唱得好
2015-05-14 10:34:39 INFO ContentMinaHandler:93 - 接收到弹幕消息	1037157197 : 你又接不上
2015-05-14 10:34:40 INFO ContentMinaHandler:93 - 接收到弹幕消息	Demoon灬 : 我的天空
2015-05-14 10:34:40 INFO ContentMinaHandler:93 - 接收到弹幕消息	Seven兔角酱 : 别瞎唱 唱的啥玩意
2015-05-14 10:34:40 INFO ContentMinaHandler:93 - 接收到弹幕消息	青岛周杰伦 : 这把要是路人，基本上秒了
2015-05-14 10:34:41 INFO ContentMinaHandler:93 - 接收到弹幕消息	只是要份安稳的生活 : bgm 爱的供养
2015-05-14 10:34:55 INFO LoginMinaThread:48 - 随机选择登陆服务器 182.18.47.22:8040
2015-05-14 10:34:59 INFO LoginMinaHandler:107 - 获取的登录用户名为: visitor28371255
2015-05-14 10:34:59 INFO LoginMinaHandler:110 - 登陆的房间编号为: 56040 床
2015-05-14 10:34:59 INFO LoginMinaHandler:113 - 加入的讨论群组为: 150 组
2015-05-14 10:34:59 INFO ContentMinaThread:41 - 随机选择弹幕服务器 danmu.douyutv.com:12602
2015-05-14 10:35:02 INFO ContentMinaHandler:93 - 接收到弹幕消息	画眸难画情 : 日女瞎bb
2015-05-14 10:35:04 INFO ContentMinaHandler:93 - 接收到弹幕消息	plo12315 : 机器人 凯瑞 下路，，
2015-05-14 10:35:05 INFO ContentMinaHandler:93 - 接收到弹幕消息	上帝也拉稀 : 这曙光真能BB
2015-05-14 10:35:06 INFO ContentMinaHandler:93 - 接收到弹幕消息	LETE灬昂 : 好奇葩的阵容
2015-05-14 10:35:06 INFO ContentMinaHandler:93 - 接收到弹幕消息	tao123456789 : 上一首歌。求科普
2015-05-14 10:35:07 INFO ContentMinaHandler:93 - 接收到弹幕消息	冬瓜委屈了谁 : 主播脸掉了啊
2015-05-14 10:35:08 INFO ContentMinaHandler:93 - 接收到弹幕消息	风行弹指间 : 我宿迁的呢
2015-05-14 10:35:09 INFO ContentMinaHandler:93 - 接收到弹幕消息	c296581918 : 有眼
2015-05-14 10:35:13 INFO ContentMinaHandler:93 - 接收到弹幕消息	hp146677 : 辅助洁
2015-05-14 10:35:15 INFO ContentMinaHandler:93 - 接收到弹幕消息	神勇无敌小萌主 : 主播玩白银2段位 也是醉了！
2015-05-14 10:35:17 INFO ContentMinaHandler:93 - 接收到弹幕消息	18369957252 : 能不能打自己的号
2015-05-14 10:35:23 INFO ContentMinaHandler:108 - 接收到礼物消息	无心面具 赠送给主播100个鱼丸
2015-05-14 10:35:23 INFO ContentMinaHandler:93 - 接收到弹幕消息	冬瓜委屈了谁 : 这Id
2015-05-14 10:35:26 INFO ContentMinaHandler:93 - 接收到弹幕消息	主播蠢驴 : 呵呵 你没蓝了
2015-05-14 10:35:28 INFO ContentMinaHandler:93 - 接收到弹幕消息	EVE_蹲站体位 : 6666666
2015-05-14 10:35:33 INFO LoginMinaThread:48 - 随机选择登陆服务器 182.18.47.22:8021
2015-05-14 10:35:37 INFO LoginMinaHandler:107 - 获取的登录用户名为: visitor5800257
2015-05-14 10:35:37 INFO LoginMinaHandler:110 - 登陆的房间编号为: 138182 床
2015-05-14 10:35:37 INFO LoginMinaHandler:113 - 加入的讨论群组为: 35 组
2015-05-14 10:35:38 INFO ContentMinaThread:41 - 随机选择弹幕服务器 danmu.douyutv.com:8602
2015-05-14 10:35:39 INFO ContentMinaHandler:93 - 接收到弹幕消息	清水狂澜 : 大家看好！！！1
2015-05-14 10:35:39 INFO ContentMinaHandler:93 - 接收到弹幕消息	忆兮倾此一生为一人 : 可以加我
2015-05-14 10:35:43 INFO ContentMinaHandler:93 - 接收到弹幕消息	那些已经退订的人 : 什么视频？
2015-05-14 10:38:21 INFO LoginMinaThread:48 - 随机选择登陆服务器 182.18.47.23:8032
2015-05-14 10:38:26 INFO LoginMinaHandler:107 - 获取的登录用户名为: visitor28388351
2015-05-14 10:38:26 INFO LoginMinaHandler:110 - 登陆的房间编号为: 56040 床
2015-05-14 10:38:26 INFO LoginMinaHandler:113 - 加入的讨论群组为: 122 组
2015-05-14 10:38:26 INFO ContentMinaThread:41 - 随机选择弹幕服务器 danmu.douyutv.com:8601
2015-05-14 11:06:00 INFO LoginMinaThread:48 - 随机选择登陆服务器 182.18.47.10:8002
2015-05-14 11:06:05 INFO LoginMinaHandler:107 - 获取的登录用户名为: visitor4012284
2015-05-14 11:06:05 INFO LoginMinaHandler:110 - 登陆的房间编号为: 582 床
2015-05-14 11:06:05 INFO LoginMinaHandler:113 - 加入的讨论群组为: 0 组
2015-05-14 11:06:06 INFO ContentMinaThread:41 - 随机选择弹幕服务器 danmu.douyutv.com:12601
2015-05-14 15:51:05 INFO LoginMinaThread:48 - 随机选择登陆服务器 182.18.47.22:8039
2015-05-14 15:51:11 INFO LoginMinaHandler:107 - 获取的登录用户名为: visitor2652586
2015-05-14 15:51:11 INFO LoginMinaHandler:110 - 登陆的房间编号为: 582 床
2015-05-14 15:51:11 INFO LoginMinaHandler:113 - 加入的讨论群组为: 0 组
2015-05-14 15:51:11 INFO ContentMinaThread:41 - 随机选择弹幕服务器 danmu.douyutv.com:8601
