2014-10-27 08:11:58 INFO LoginMinaThread:45 - 随机选择登陆服务器 117.79.132.21:8018
2014-10-27 08:12:02 INFO LoginMinaHandler:98 - 获取的登录用户名为: Teemo
2014-10-27 08:12:02 INFO LoginMinaHandler:101 - 登陆的病床编号为: 56040 床
2014-10-27 08:12:02 INFO LoginMinaHandler:104 - 加入的讨论群组为: 0 组
2014-10-27 08:12:03 INFO ContentMinaThread:40 - 随机选择弹幕服务器 danmu.douyutv.com:8602
2014-10-27 08:12:04 INFO ContentMinaHandler:90 - 接收到弹幕消息	y世ヤX神 : 法穿啊
2014-10-27 08:12:04 INFO ContentMinaHandler:90 - 接收到弹幕消息	苏婷candy : 发喘
2014-10-27 08:12:05 INFO ContentMinaHandler:90 - 接收到弹幕消息	w8809059 : 女妖。亲
2014-10-27 08:12:06 INFO ContentMinaHandler:90 - 接收到弹幕消息	alentim : 早上好~
2014-10-27 08:12:06 INFO ContentMinaHandler:90 - 接收到弹幕消息	Hsuwei : 没法穿 不疼
2014-10-27 08:12:08 INFO ContentMinaHandler:90 - 接收到弹幕消息	a042760663 : 卖掉 出法穿
2014-10-27 08:12:12 INFO ContentMinaHandler:90 - 接收到弹幕消息	zylili1314 : 多兰卖了
2014-10-27 08:12:14 INFO ContentMinaHandler:90 - 接收到弹幕消息	内女孩等等 : 出法穿杖
2014-10-27 08:12:17 INFO ContentMinaHandler:90 - 接收到弹幕消息	zylili1314 : 一会
2014-10-27 08:12:18 INFO ContentMinaHandler:90 - 接收到弹幕消息	内女孩等等 : 够了
2014-10-27 08:12:19 INFO ContentMinaHandler:90 - 接收到弹幕消息	伊万懦夫斯基 : 又不是 6神装 钱没地方花
2014-10-27 08:12:20 INFO ContentMinaHandler:90 - 接收到弹幕消息	苏婷candy : 没用
2014-10-27 08:12:23 INFO ContentMinaHandler:90 - 接收到弹幕消息	tom123555 : 鞋附魔
2014-10-27 08:12:24 INFO ContentMinaHandler:90 - 接收到弹幕消息	安节亨 : 法穿啊
2014-10-27 08:12:24 INFO ContentMinaHandler:90 - 接收到弹幕消息	伊万懦夫斯基 : 卖装备干嘛
2014-10-27 08:12:25 INFO ContentMinaHandler:90 - 接收到弹幕消息	VanillaChen : 机器人魔切
2014-10-27 08:12:26 INFO ContentMinaHandler:90 - 接收到弹幕消息	不如纯粹 : 女妖没用
2014-10-27 08:12:29 INFO ContentMinaHandler:90 - 接收到弹幕消息	苏婷candy : 技能太多了
2014-10-27 08:12:29 INFO ContentMinaHandler:90 - 接收到弹幕消息	安节亨 : 你都没上海了
2014-10-27 08:12:33 INFO ContentMinaHandler:90 - 接收到弹幕消息	intenft : 同样是打鱼人 你的鱼人怎么被你玩的这么菜
2014-10-27 08:12:34 INFO ContentMinaHandler:90 - 接收到弹幕消息	alentim : 早上好，油条，
2014-10-27 08:12:38 INFO ContentMinaHandler:90 - 接收到弹幕消息	暗影之拳AKL : 突进型的用女妖意义不大
2014-10-27 08:12:39 INFO ContentMinaHandler:90 - 接收到弹幕消息	intenft : 一个人都秒不了
2014-10-27 08:12:39 INFO ContentMinaHandler:90 - 接收到弹幕消息	ChinAFeeL : 你没法穿啊  油条
2014-10-27 08:12:42 INFO ContentMinaHandler:90 - 接收到弹幕消息	虎达比 : 法穿鞋
2014-10-27 08:12:43 INFO ContentMinaHandler:90 - 接收到弹幕消息	塞北 : 大龙不是贾克斯抢到的吗？
2014-10-27 08:12:50 INFO ContentMinaHandler:90 - 接收到弹幕消息	158919585 : 没法穿，一点伤害都没有，看你切人好累
2014-10-27 08:12:50 INFO ContentMinaHandler:90 - 接收到弹幕消息	战五渣渣丶 : 机器人都处魔切了
2014-10-27 08:12:54 INFO ContentMinaHandler:90 - 接收到弹幕消息	thewhitedews : 真想知道这些教主播出装的人
2014-10-27 08:12:57 INFO ContentMinaHandler:90 - 接收到弹幕消息	ChinAFeeL : 开始无力了
2014-10-27 08:12:57 INFO ContentMinaHandler:90 - 接收到弹幕消息	thewhitedews : 是什么段位
2014-10-27 08:13:02 INFO ContentMinaHandler:90 - 接收到弹幕消息	牛得滑 : 刺客型啊就是秒人 春哥卖了出法穿啊
2014-10-27 08:13:02 INFO ContentMinaHandler:90 - 接收到弹幕消息	不罪 : 贾克斯杀的啊- -
2014-10-27 08:13:08 INFO ContentMinaHandler:90 - 接收到弹幕消息	不罪 : adc
2014-10-27 08:13:10 INFO ContentMinaHandler:90 - 接收到弹幕消息	你爸爸说 : 最强亡者们 你们够了
2014-10-27 08:13:10 INFO ContentMinaHandler:90 - 接收到弹幕消息	天蝎座0 : 油条，今天你相好饼干怎么没来？？？？
2014-10-27 08:13:14 INFO ContentMinaHandler:90 - 接收到弹幕消息	344568374 : 护甲这么高
2014-10-27 08:13:16 INFO ContentMinaHandler:90 - 接收到弹幕消息	lovingkirsi : 没抢到阿
2014-10-27 08:13:17 INFO ContentMinaHandler:90 - 接收到弹幕消息	y世ヤX神 : 又没抢到大龙
2014-10-27 08:13:18 INFO ContentMinaHandler:90 - 接收到弹幕消息	q100838165 : 不是抢到啊
2014-10-27 08:13:22 INFO ContentMinaHandler:90 - 接收到弹幕消息	兔耳大魔王 : 不是没抢到吗
2014-10-27 08:13:22 INFO ContentMinaHandler:90 - 接收到弹幕消息	扎姆德 : ...没抢到
2014-10-27 08:13:22 INFO ContentMinaHandler:90 - 接收到弹幕消息	y世ヤX神 : 大龙是对面的啊
2014-10-27 08:13:23 INFO ContentMinaHandler:90 - 接收到弹幕消息	不如纯粹 : 对面的大龙
2014-10-27 08:13:23 INFO ContentMinaHandler:90 - 接收到弹幕消息	常州王小锤 : 大龙是你们的？
2014-10-27 08:13:23 INFO ContentMinaHandler:90 - 接收到弹幕消息	承诺丶爱 : 大龙是他们的啊
2014-10-27 08:13:23 INFO ContentMinaHandler:90 - 接收到弹幕消息	天蝎座0 : 油条，今天你相好饼干怎么没来？？
2014-10-27 08:13:23 INFO ContentMinaHandler:90 - 接收到弹幕消息	河北张学友丶 : 没抢阿
2014-10-27 08:13:24 INFO ContentMinaHandler:90 - 接收到弹幕消息	q100838165 : 没抢到啊
2014-10-27 08:13:25 INFO ContentMinaHandler:90 - 接收到弹幕消息	林书豪的大姨妈 : 没抢到。。。。
2014-10-27 08:13:25 INFO ContentMinaHandler:90 - 接收到弹幕消息	mingren64 : 笑了
2014-10-27 08:13:25 INFO ContentMinaHandler:90 - 接收到弹幕消息	哎呀我擦擦 : 恩本没抢到逗逼
2014-10-27 08:13:25 INFO ContentMinaHandler:90 - 接收到弹幕消息	DruryK : 对面杀的- -，，，
2014-10-27 08:13:25 INFO ContentMinaHandler:90 - 接收到弹幕消息	龙猫嘟嘟 : 不出法穿打不动人了
2014-10-27 08:13:25 INFO ContentMinaHandler:90 - 接收到弹幕消息	必须不的 : 没抢到啊根本。。。
2014-10-27 08:13:26 INFO ContentMinaHandler:90 - 接收到弹幕消息	chengtaotao : 对面的好吧
2014-10-27 08:13:27 INFO ContentMinaHandler:90 - 接收到弹幕消息	elsie001 : 大龙是对面的
2014-10-27 08:13:27 INFO ContentMinaHandler:90 - 接收到弹幕消息	坑坑坑丶 : 大龙是对面de
2014-10-27 08:13:27 INFO ContentMinaHandler:90 - 接收到弹幕消息	塞北 : 看着都好慌，大龙的时候
2014-10-27 08:13:28 INFO ContentMinaHandler:90 - 接收到弹幕消息	丶午夜大灰狼 : 没抢到大龙啊
2014-10-27 08:13:28 INFO ContentMinaHandler:90 - 接收到弹幕消息	扎姆德 : 简直醉了
2014-10-27 08:13:28 INFO ContentMinaHandler:90 - 接收到弹幕消息	兔耳大魔王 : 大龙是他们的啊
2014-10-27 08:13:29 INFO ContentMinaHandler:90 - 接收到弹幕消息	BestTeemo : 大龙没抢到啊
2014-10-27 08:13:29 INFO ContentMinaHandler:90 - 接收到弹幕消息	LMQ天赐 : 抢到了
2014-10-27 08:13:29 INFO ContentMinaHandler:90 - 接收到弹幕消息	越夜越有基 : 对面拿了龙BUFF
2014-10-27 08:13:29 INFO ContentMinaHandler:90 - 接收到弹幕消息	H丶先生 : 大龙对面的
2014-10-27 08:13:29 INFO ContentMinaHandler:90 - 接收到弹幕消息	1031131315 : 对面有大龙BUFF
2014-10-27 08:13:30 INFO ContentMinaHandler:90 - 接收到弹幕消息	watchkiller : 大龙是对面的
2014-10-27 08:13:30 INFO ContentMinaHandler:90 - 接收到弹幕消息	不如纯粹 : 活在梦里
2014-10-27 08:13:30 INFO ContentMinaHandler:90 - 接收到弹幕消息	9号床护士 : 诶抢到
2014-10-27 08:13:31 INFO ContentMinaHandler:90 - 接收到弹幕消息	天蝎座0 : 油条，今天你相好饼干怎么没来？
2014-10-27 08:13:31 INFO ContentMinaHandler:90 - 接收到弹幕消息	Halolegend : 抢毛 大龙是对面的
2014-10-27 08:13:31 INFO ContentMinaHandler:90 - 接收到弹幕消息	mingren64 : 哪里抢到大龙了
2014-10-27 08:13:32 INFO ContentMinaHandler:90 - 接收到弹幕消息	河北张学友丶 : 没抢到阿
2014-10-27 08:13:32 INFO ContentMinaHandler:90 - 接收到弹幕消息	伊万懦夫斯基 : 大龙油条的
2014-10-27 08:13:32 INFO ContentMinaHandler:90 - 接收到弹幕消息	国际化的闲人 : 对面的
2014-10-27 08:13:33 INFO ContentMinaHandler:90 - 接收到弹幕消息	VanillaChen : 贾克斯在杀人，没抢
2014-10-27 08:13:33 INFO ContentMinaHandler:90 - 接收到弹幕消息	暗影之拳AKL : 大龙是对面的
2014-10-27 08:13:33 INFO ContentMinaHandler:90 - 接收到弹幕消息	哎呀我擦擦 : 对面打的大龙
2014-10-27 08:13:33 INFO ContentMinaHandler:90 - 接收到弹幕消息	桀骜不驯 : 对面惩戒 好吗
2014-10-27 08:13:35 INFO ContentMinaHandler:90 - 接收到弹幕消息	freedomdxx8888 : 他们的
2014-10-27 08:13:35 INFO ContentMinaHandler:90 - 接收到弹幕消息	a419515026 : 大龙是你们的？？？
2014-10-27 08:13:35 INFO ContentMinaHandler:90 - 接收到弹幕消息	intenft : 看什么比赛 学人鱼人出减CD鞋
2014-10-27 08:13:36 INFO ContentMinaHandler:90 - 接收到弹幕消息	a395814412 : 抢个头，，给CJ了
2014-10-27 08:13:36 INFO ContentMinaHandler:90 - 接收到弹幕消息	丶午夜大灰狼 : 杀的男枪
2014-10-27 08:13:37 INFO ContentMinaHandler:90 - 接收到弹幕消息	常州王小锤 : 智商惊人！
2014-10-27 08:13:37 INFO ContentMinaHandler:90 - 接收到弹幕消息	elsie001 : 没有抢到  只是杀了男枪
2014-10-27 08:13:38 INFO ContentMinaHandler:90 - 接收到弹幕消息	a042760663 : 大龙是对面的
2014-10-27 08:13:38 INFO ContentMinaHandler:90 - 接收到弹幕消息	djz_272 : 活在梦里
2014-10-27 08:13:38 INFO ContentMinaHandler:90 - 接收到弹幕消息	nfr3210 : 没抢到
2014-10-27 08:13:38 INFO ContentMinaHandler:90 - 接收到弹幕消息	蓝哲念 : 对面的大龙好么
2014-10-27 08:13:40 INFO ContentMinaHandler:90 - 接收到弹幕消息	逗yu你霸哥 : 大龙是对面的
2014-10-27 08:13:41 INFO ContentMinaHandler:90 - 接收到弹幕消息	请叫我老好人 : 不是没想抢，是他计算好伤害，开的3
2014-10-27 08:13:41 INFO ContentMinaHandler:90 - 接收到弹幕消息	intenft : 一点法穿都没
2014-10-27 08:13:42 INFO ContentMinaHandler:90 - 接收到弹幕消息	台湾dog : 地方军团已经击杀了大龙
2014-10-27 08:13:43 INFO ContentMinaHandler:90 - 接收到弹幕消息	越夜越有基 : 强行解释牛B
2014-10-27 08:13:43 INFO ContentMinaHandler:90 - 接收到弹幕消息	戈丶乾 : 你活在梦里!!!!!!!!!!!!!!!
2014-10-27 08:13:43 INFO ContentMinaHandler:90 - 接收到弹幕消息	DruryK : 实力分析
2014-10-27 08:13:43 INFO ContentMinaHandler:90 - 接收到弹幕消息	Loli丶 : 活在梦里啊
2014-10-27 08:13:43 INFO ContentMinaHandler:90 - 接收到弹幕消息	进阶魔导师のbaka : 你们抢到了大龙
2014-10-27 08:13:44 INFO ContentMinaHandler:90 - 接收到弹幕消息	稀饭丶 : 对面的
2014-10-27 08:13:44 INFO ContentMinaHandler:90 - 接收到弹幕消息	蓝哲念 : 你还在梦里
2014-10-27 08:13:44 INFO ContentMinaHandler:90 - 接收到弹幕消息	Teddyfans : 口胡主播！！！！！！
2014-10-27 08:13:44 INFO ContentMinaHandler:90 - 接收到弹幕消息	a042760663 : 66666666666666666666
2014-10-27 08:13:44 INFO ContentMinaHandler:90 - 接收到弹幕消息	暗影之拳AKL : 汗！！！
2014-10-27 08:13:45 INFO ContentMinaHandler:90 - 接收到弹幕消息	不闹 : 活在梦里
2014-10-27 08:13:45 INFO ContentMinaHandler:90 - 接收到弹幕消息	苏婷candy : 强行抢到
2014-10-27 08:13:45 INFO ContentMinaHandler:90 - 接收到弹幕消息	嘴强王者的弟弟 : 66666666666666666666
2014-10-27 08:13:46 INFO ContentMinaHandler:90 - 接收到弹幕消息	a935679364 : 实力分析
2014-10-27 08:13:46 INFO ContentMinaHandler:90 - 接收到弹幕消息	林书豪的大姨妈 : 吹了半天牛逼
2014-10-27 08:13:46 INFO ContentMinaHandler:90 - 接收到弹幕消息	他国她梦灬 : 智商哈哈哈哈
2014-10-27 08:13:46 INFO ContentMinaHandler:90 - 接收到弹幕消息	不罪 : 没抢到
2014-10-27 08:13:48 INFO ContentMinaHandler:90 - 接收到弹幕消息	内女孩等等 : 我也以为抢到了
2014-10-27 08:13:49 INFO ContentMinaHandler:90 - 接收到弹幕消息	天蝎座0 : 油条，今天你相好饼干怎么没来？？.
2014-10-27 08:13:50 INFO ContentMinaHandler:90 - 接收到弹幕消息	进阶魔导师のbaka : 抢到了
2014-10-27 08:13:50 INFO ContentMinaHandler:90 - 接收到弹幕消息	暗影之拳AKL : 做梦呢
2014-10-27 08:13:53 INFO ContentMinaHandler:90 - 接收到弹幕消息	绝望的冲锋 : 没伤害啊
2014-10-27 08:13:54 INFO ContentMinaHandler:90 - 接收到弹幕消息	a419515026 : 好笑  豆比
2014-10-27 08:13:57 INFO ContentMinaHandler:90 - 接收到弹幕消息	兔斯基的奶子 : 强行抢到
2014-10-27 08:13:58 INFO ContentMinaHandler:90 - 接收到弹幕消息	境与梦 : 哈哈哈
2014-10-27 08:13:58 INFO ContentMinaHandler:90 - 接收到弹幕消息	SS小回 : 你他吗活在梦里
2014-10-27 08:13:58 INFO ContentMinaHandler:90 - 接收到弹幕消息	xystanp : 一本正经的胡说八道
2014-10-27 08:13:59 INFO ContentMinaHandler:90 - 接收到弹幕消息	DruryK : 这个牛逼吹得不好
2014-10-27 08:14:00 INFO ContentMinaHandler:90 - 接收到弹幕消息	VanillaChen : 活在梦里
2014-10-27 08:14:00 INFO ContentMinaHandler:90 - 接收到弹幕消息	剑无极 : 活在梦里
2014-10-27 08:14:01 INFO ContentMinaHandler:90 - 接收到弹幕消息	不罪 : E杀了adc
2014-10-27 08:14:01 INFO ContentMinaHandler:90 - 接收到弹幕消息	兔耳大魔王 : 已录音
2014-10-27 08:14:01 INFO ContentMinaHandler:90 - 接收到弹幕消息	常州王小锤 : 智商惊人
2014-10-27 08:14:01 INFO ContentMinaHandler:90 - 接收到弹幕消息	凶猛的老汉 : 哈哈哈 还粑粑吹呢...
2014-10-27 08:14:04 INFO ContentMinaHandler:90 - 接收到弹幕消息	475618772 : 对面的大龙
2014-10-27 08:14:04 INFO ContentMinaHandler:90 - 接收到弹幕消息	承诺丶爱 : 打钱啊
2014-10-27 08:14:04 INFO ContentMinaHandler:90 - 接收到弹幕消息	我的歌声你的爱づ : 条子：刚才是表弟在操作
2014-10-27 08:14:05 INFO ContentMinaHandler:90 - 接收到弹幕消息	智商拙计 : 想太多
2014-10-27 08:14:06 INFO ContentMinaHandler:90 - 接收到弹幕消息	坑坑坑丶 : 强行看到了   解释一波发现没有
2014-10-27 08:14:07 INFO ContentMinaHandler:90 - 接收到弹幕消息	不如纯粹 : 没有法穿 打人 都不痛
2014-10-27 08:14:07 INFO ContentMinaHandler:90 - 接收到弹幕消息	凶猛的老汉 : 哈啊哈哈哈
2014-10-27 08:14:07 INFO ContentMinaHandler:90 - 接收到弹幕消息	茵帕森波 : 在婶婶的脑海里
2014-10-27 08:14:08 INFO ContentMinaHandler:90 - 接收到弹幕消息	yiche : 做梦呢
2014-10-27 08:14:08 INFO ContentMinaHandler:90 - 接收到弹幕消息	faker_suck : 西吧。
2014-10-27 08:14:09 INFO ContentMinaHandler:90 - 接收到弹幕消息	邪王真眼六花 : 因为武器杀了南抢，所以显示出来。。看起来
2014-10-27 08:14:09 INFO ContentMinaHandler:90 - 接收到弹幕消息	a419515026 : 别逗
2014-10-27 08:14:10 INFO ContentMinaHandler:90 - 接收到弹幕消息	塞北 : 图标显示抢到了啊
2014-10-27 08:14:11 INFO ContentMinaHandler:90 - 接收到弹幕消息	苏婷candy : 强行抢到！
2014-10-27 08:14:12 INFO ContentMinaHandler:90 - 接收到弹幕消息	CCMisHaoRen : 没抢到吧
2014-10-27 08:14:14 INFO ContentMinaHandler:90 - 接收到弹幕消息	稀饭丶 : 击杀了男枪
2014-10-27 08:14:14 INFO ContentMinaHandler:90 - 接收到弹幕消息	Hsuwei : 对面应该有人掉了
2014-10-27 08:14:15 INFO ContentMinaHandler:90 - 接收到弹幕消息	王小v : N逼儿~~
2014-10-27 08:14:16 INFO ContentMinaHandler:90 - 接收到弹幕消息	intenft : 这出装的鱼人 吓尿路人
2014-10-27 08:14:17 INFO ContentMinaHandler:90 - 接收到弹幕消息	埃提耶什的触摸 : 男枪跟大龙一起死的
2014-10-27 08:14:17 INFO ContentMinaHandler:90 - 接收到弹幕消息	伊万懦夫斯基 : 可是我看到图标是贾克斯击杀的 啊
2014-10-27 08:14:17 INFO ContentMinaHandler:90 - 接收到弹幕消息	LMQ天赐 : 我也看到了
2014-10-27 08:14:17 INFO ContentMinaHandler:90 - 接收到弹幕消息	暗影之拳AKL : 擦亮眼睛
2014-10-27 08:14:18 INFO ContentMinaHandler:90 - 接收到弹幕消息	Hoyap : 剧本写得好，演员没演好，导演没喊停
2014-10-27 08:14:20 INFO ContentMinaHandler:90 - 接收到弹幕消息	越夜越有基 : 一本正经的胡说八道
2014-10-27 08:14:20 INFO ContentMinaHandler:90 - 接收到弹幕消息	宝蓝迷の粉 : 没法穿秒AD都是问题
2014-10-27 08:14:21 INFO ContentMinaHandler:90 - 接收到弹幕消息	常州王小锤 : 活在梦里
2014-10-27 08:14:22 INFO ContentMinaHandler:90 - 接收到弹幕消息	BestTeemo : 强行抢到增加战斗力
2014-10-27 08:14:24 INFO ContentMinaHandler:90 - 接收到弹幕消息	蓝哲念 : 23333
2014-10-27 08:14:26 INFO ContentMinaHandler:90 - 接收到弹幕消息	VanillaChen : 图标是贾克斯杀人
2014-10-27 08:14:26 INFO ContentMinaHandler:104 - 接收到礼物消息	Syndar 赠送给主播100个鱼丸
2014-10-27 08:14:28 INFO ContentMinaHandler:90 - 接收到弹幕消息	围巾 : 是击杀了男枪吧。。
2014-10-27 08:14:28 INFO ContentMinaHandler:90 - 接收到弹幕消息	CCMisHaoRen : 大龙时对面的啊
2014-10-27 08:14:30 INFO ContentMinaHandler:90 - 接收到弹幕消息	凶猛的老汉 : 我看的图标也是JAX杀的.
2014-10-27 08:14:30 INFO ContentMinaHandler:90 - 接收到弹幕消息	丶午夜大灰狼 : 活在梦里  把男枪当成大龙了e
2014-10-27 08:14:31 INFO ContentMinaHandler:90 - 接收到弹幕消息	a397940872 : 表弟快出来背锅
2014-10-27 08:14:32 INFO ContentMinaHandler:90 - 接收到弹幕消息	贺丶 : 我也以为抢到了。。
2014-10-27 08:14:32 INFO ContentMinaHandler:90 - 接收到弹幕消息	青蛙091 : 你相好饼干呢？
2014-10-27 08:14:34 INFO ContentMinaHandler:90 - 接收到弹幕消息	何问竹 : 男枪新画长得像
2014-10-27 08:14:37 INFO ContentMinaHandler:90 - 接收到弹幕消息	as514751800 : 击杀男枪
2014-10-27 08:14:39 INFO ContentMinaHandler:90 - 接收到弹幕消息	yiche : 男枪！
2014-10-27 08:14:45 INFO ContentMinaHandler:90 - 接收到弹幕消息	安徽省搞不懂 : 杀人了
2014-10-27 08:14:46 INFO ContentMinaHandler:90 - 接收到弹幕消息	zbc5333759 : 明明 瞎子拿的么
2014-10-27 08:14:46 INFO ContentMinaHandler:90 - 接收到弹幕消息	圯上渔翁 : 是击杀了南枪
2014-10-27 08:14:47 INFO ContentMinaHandler:90 - 接收到弹幕消息	常州王小锤 : 能好好打游戏吗 唱什么！
2014-10-27 08:14:50 INFO ContentMinaHandler:90 - 接收到弹幕消息	蓝哲念 : 男枪不是男爵
2014-10-27 08:14:52 INFO ContentMinaHandler:90 - 接收到弹幕消息	戈丶乾 : 连清人,别这样
2014-10-27 08:14:56 INFO ContentMinaHandler:90 - 接收到弹幕消息	兔耳大魔王 : 那是贾克斯杀人了
2014-10-27 08:14:58 INFO ContentMinaHandler:90 - 接收到弹幕消息	安徽省搞不懂 : 大龙没助攻啊
2014-10-27 08:15:03 INFO ContentMinaHandler:90 - 接收到弹幕消息	intenft : 你鱼人一套 最脆的男枪秒的掉吗
2014-10-27 08:15:04 INFO ContentMinaHandler:90 - 接收到弹幕消息	埃提耶什的触摸 : 男枪男爵撒欢傻傻分不清楚~！~！
2014-10-27 13:56:46 INFO LoginMinaThread:45 - 随机选择登陆服务器 117.79.132.21:8020
2014-10-27 13:57:09 INFO LoginMinaThread:45 - 随机选择登陆服务器 117.79.132.19:8023
2014-10-27 13:57:13 INFO LoginMinaHandler:98 - 获取的登录用户名为: Teemo
2014-10-27 13:57:13 INFO LoginMinaHandler:101 - 登陆的病床编号为: 582 床
2014-10-27 13:57:13 INFO LoginMinaHandler:104 - 加入的讨论群组为: 0 组
2014-10-27 13:57:13 INFO ContentMinaThread:40 - 随机选择弹幕服务器 danmu.douyutv.com:12601
2014-10-27 13:57:30 INFO LoginMinaThread:45 - 随机选择登陆服务器 117.79.132.19:8028
2014-10-27 13:57:34 INFO LoginMinaHandler:98 - 获取的登录用户名为: Teemo
2014-10-27 13:57:34 INFO LoginMinaHandler:101 - 登陆的病床编号为: 27836 床
2014-10-27 13:57:34 INFO LoginMinaHandler:104 - 加入的讨论群组为: 10 组
2014-10-27 13:57:34 INFO ContentMinaThread:40 - 随机选择弹幕服务器 danmu.douyutv.com:8602
2014-10-27 13:57:36 INFO ContentMinaHandler:90 - 接收到弹幕消息	天天X初音 : 这个是什么模式？？？？
2014-10-27 13:57:37 INFO ContentMinaHandler:90 - 接收到弹幕消息	暴走了几条街 : throughtheyearsand
2014-10-27 13:57:37 INFO ContentMinaHandler:90 - 接收到弹幕消息	110952 : 大妈会打辅助吗？
2014-10-27 13:57:38 INFO ContentMinaHandler:90 - 接收到弹幕消息	夏诺雅 : 黑鸟啊
2014-10-27 13:57:39 INFO ContentMinaHandler:90 - 接收到弹幕消息	输了喜欢看黄书 : re了还是随机
2014-10-27 13:57:39 INFO ContentMinaHandler:104 - 接收到礼物消息	wwwww9820 赠送给主播100个鱼丸
2014-10-27 13:57:40 INFO ContentMinaHandler:90 - 接收到弹幕消息	冷冷怒上小刘 : 大家去贴吧SG带节奏把狗绿茶裱人肉出来
2014-10-27 13:57:41 INFO ContentMinaHandler:90 - 接收到弹幕消息	xns123 : 又是这个水人
2014-10-27 13:57:42 INFO ContentMinaHandler:90 - 接收到弹幕消息	crystalbridge : 09请的人把  呵呵  垃圾09
