2014-11-27 13:16:02 INFO LoginMinaThread:46 - 随机选择登陆服务器 182.18.47.52:8030
2014-11-27 13:16:08 INFO LoginMinaHandler:98 - 获取的登录用户名为: visitor109273
2014-11-27 13:16:08 INFO LoginMinaHandler:101 - 登陆的病床编号为: 582 床
2014-11-27 13:16:08 INFO LoginMinaHandler:104 - 加入的讨论群组为: 0 组
2014-11-27 13:16:08 INFO ContentMinaThread:40 - 随机选择弹幕服务器 danmu.douyutv.com:8602
2014-11-27 13:17:56 INFO LoginMinaThread:46 - 随机选择登陆服务器 182.18.47.51:8013
2014-11-27 13:18:00 INFO LoginMinaHandler:98 - 获取的登录用户名为: visitor109512
2014-11-27 13:18:00 INFO LoginMinaHandler:101 - 登陆的病床编号为: 582 床
2014-11-27 13:18:01 INFO LoginMinaHandler:104 - 加入的讨论群组为: 0 组
2014-11-27 13:18:01 INFO ContentMinaThread:40 - 随机选择弹幕服务器 danmu.douyutv.com:8601
2014-11-27 13:19:46 INFO LoginMinaThread:46 - 随机选择登陆服务器 182.18.47.51:8015
2014-11-27 13:19:47 INFO LoginMinaHandler:69 - LoginServer:type@=loginres/userid@=1300119055/roomgroup@=0/pg@=0/sessionid@=522640740/username@=visitor99055/nickname@=visitor99055/is_signined@=0/signin_count@=0/s@=1417065588/live_stat@=1/npv@=0/
2014-11-27 13:19:51 INFO LoginMinaHandler:69 - LoginServer:type@=msgrepeaterlist/rid@=84039/list@=id@AA=70007@ASnr@AA=1@ASml@AA=10000@ASip@AA=danmu.douyutv.com@ASport@AA=8601@AS@Sid@AA=71001@ASnr@AA=1@ASml@AA=10000@ASip@AA=danmu.douyutv.com@ASport@AA=12601@AS@Sid@AA=70501@ASnr@AA=1@ASml@AA=10000@ASip@AA=danmu.douyutv.com@ASport@AA=12601@AS@Sid@AA=70602@ASnr@AA=1@ASml@AA=10000@ASip@AA=danmu.douyutv.com@ASport@AA=12602@AS@Sid@AA=70502@ASnr@AA=1@ASml@AA=10000@ASip@AA=danmu.douyutv.com@ASport@AA=12602@AS@Sid@AA=70202@ASnr@AA=1@ASml@AA=10000@ASip@AA=danmu.douyutv.com@ASport@AA=12602@AS@Sid@AA=70504@ASnr@AA=1@ASml@AA=10000@ASip@AA=danmu.douyutv.com@ASport@AA=8602@AS@Sid@AA=70301@ASnr@AA=1@ASml@AA=10000@ASip@AA=danmu.douyutv.com@ASport@AA=12601@AS@Sid@AA=70701@ASnr@AA=1@ASml@AA=10000@ASip@AA=danmu.douyutv.com@ASport@AA=12601@AS@Sid@AA=70702@ASnr@AA=1@ASml@AA=10000@ASip@AA=danmu.douyutv.com@ASport@AA=12602@AS@Sid@AA=71004@ASnr@AA=1@ASml@AA=10000@ASip@AA=danmu.douyutv.com@ASport@AA=8602@AS@Sid@AA=70001@ASnr@AA=1@ASml@AA=10000@ASip@AA=danmu.douyutv.com@ASport@AA=8601@AS@Sid@AA=71003@ASnr@AA=1@ASml@AA=10000@ASip@AA=danmu.douyutv.com@ASport@AA=8601@AS@Sid@AA=70102@ASnr@AA=1@ASml@AA=10000@ASip@AA=danmu.douyutv.com@ASport@AA=12602@AS@Sid@AA=70503@ASnr@AA=1@ASml@AA=10000@ASip@AA=danmu.douyutv.com@ASport@AA=8601@AS@Sid@AA=70002@ASnr@AA=1@ASml@AA=10000@ASip@AA=danmu.douyutv.com@ASport@AA=8602@AS@Sid@AA=70003@ASnr@AA=1@ASml@AA=10000@ASip@AA=danmu.douyutv.com@ASport@AA=8601@AS@Sid@AA=70603@ASnr@AA=1@ASml@AA=10000@ASip@AA=danmu.douyutv.com@ASport@AA=8601@AS@Sid@AA=70081@ASnr@AA=1@ASml@AA=10000@ASip@AA=danmu.douyutv.com@ASport@AA=12601@AS@Sid@AA=70302@ASnr@AA=1@ASml@AA=10000@ASip@AA=danmu.douyutv.com@ASport@AA=12602@AS@Sid@AA=70004@ASnr@AA=1@ASml@AA=10000@ASip@AA=danmu.douyutv.com@ASport@AA=8602@AS@Sid@AA=70604@ASnr@AA=1@ASml@AA=10000@ASip@AA=danmu.douyutv.com@ASport@AA=8602@AS@Sid@AA=70082@ASnr@AA=1@ASml@AA=10000@ASip@AA=danmu.douyutv.com@ASport@AA=12602@AS@Sid@AA=70201@ASnr@AA=1@ASml@AA=10000@ASip@AA=danmu.douyutv.com@ASport@AA=12601@AS@Sid@AA=70703@ASnr@AA=1@ASml@AA=10000@ASip@AA=danmu.douyutv.com@ASport@AA=8601@AS@Sid@AA=70601@ASnr@AA=1@ASml@AA=10000@ASip@AA=danmu.douyutv.com@ASport@AA=12601@AS@Sid@AA=71002@ASnr@AA=1@ASml@AA=10000@ASip@AA=danmu.douyutv.com@ASport@AA=12602@AS@Sid@AA=70101@ASnr@AA=1@ASml@AA=10000@ASip@AA=danmu.douyutv.com@ASport@AA=12601@AS@Sid@AA=70084@ASnr@AA=1@ASml@AA=10000@ASip@AA=danmu.douyutv.com@ASport@AA=8602@AS@Sid@AA=70083@ASnr@AA=1@ASml@AA=10000@ASip@AA=danmu.douyutv.com@ASport@AA=8601@AS@Sid@AA=70704@ASnr@AA=1@ASml@AA=10000@ASip@AA=danmu.douyutv.com@ASport@AA=8602@AS@Sid@AA=70008@ASnr@AA=1@ASml@AA=10000@ASip@AA=danmu.douyutv.com@ASport@AA=8602@AS@S/
2014-11-27 13:19:51 INFO LoginMinaHandler:69 - LoginServer:type@=setmsggroup/rid@=84039/gid@=0/
2014-11-27 13:19:51 INFO LoginMinaHandler:98 - 获取的登录用户名为: visitor99055
2014-11-27 13:19:51 INFO LoginMinaHandler:101 - 登陆的病床编号为: 84039 床
2014-11-27 13:19:51 INFO LoginMinaHandler:104 - 加入的讨论群组为: 0 组
2014-11-27 13:19:51 INFO ContentMinaThread:40 - 随机选择弹幕服务器 danmu.douyutv.com:12601
2014-11-27 13:19:52 INFO LoginMinaHandler:69 - LoginServer:type@=scl/cd@=0/maxl@=50/
2014-11-27 13:19:52 INFO LoginMinaHandler:69 - LoginServer:type@=keeplive/tick@=88/uc@=10/
2014-11-27 13:19:52 INFO LoginMinaHandler:69 - LoginServer:type@=rsm/rid@=0/gid@=0/t@=2/bt@=1416382388/vt@=703653/c@=任务系统已维护完毕，部分登录异常的账号可正常登录了！丢失鱼丸的用户可登录《王者召唤》重新领取任务鱼丸奖励！/url@=/
2014-11-27 13:20:16 INFO LoginMinaThread:46 - 随机选择登陆服务器 182.18.47.51:8037
2014-11-27 13:20:17 INFO LoginMinaHandler:69 - LoginServer:type@=loginres/userid@=1300733950/roomgroup@=0/pg@=0/sessionid@=895978482/username@=visitor543950/nickname@=visitor543950/is_signined@=0/signin_count@=0/s@=1417065617/live_stat@=0/npv@=0/
2014-11-27 13:20:21 INFO LoginMinaHandler:69 - LoginServer:type@=msgrepeaterlist/rid@=78996/list@=id@AA=71001@ASnr@AA=1@ASml@AA=10000@ASip@AA=danmu.douyutv.com@ASport@AA=12601@AS@Sid@AA=70082@ASnr@AA=1@ASml@AA=10000@ASip@AA=danmu.douyutv.com@ASport@AA=12602@AS@Sid@AA=70083@ASnr@AA=1@ASml@AA=10000@ASip@AA=danmu.douyutv.com@ASport@AA=8601@AS@Sid@AA=70501@ASnr@AA=1@ASml@AA=10000@ASip@AA=danmu.douyutv.com@ASport@AA=12601@AS@Sid@AA=70502@ASnr@AA=1@ASml@AA=10000@ASip@AA=danmu.douyutv.com@ASport@AA=12602@AS@Sid@AA=70504@ASnr@AA=1@ASml@AA=10000@ASip@AA=danmu.douyutv.com@ASport@AA=8602@AS@Sid@AA=70001@ASnr@AA=1@ASml@AA=10000@ASip@AA=danmu.douyutv.com@ASport@AA=8601@AS@Sid@AA=70601@ASnr@AA=1@ASml@AA=10000@ASip@AA=danmu.douyutv.com@ASport@AA=12601@AS@Sid@AA=70202@ASnr@AA=1@ASml@AA=10000@ASip@AA=danmu.douyutv.com@ASport@AA=12602@AS@Sid@AA=70602@ASnr@AA=1@ASml@AA=10000@ASip@AA=danmu.douyutv.com@ASport@AA=12602@AS@Sid@AA=70702@ASnr@AA=1@ASml@AA=10000@ASip@AA=danmu.douyutv.com@ASport@AA=12602@AS@Sid@AA=70201@ASnr@AA=1@ASml@AA=10000@ASip@AA=danmu.douyutv.com@ASport@AA=12601@AS@Sid@AA=70003@ASnr@AA=1@ASml@AA=10000@ASip@AA=danmu.douyutv.com@ASport@AA=8601@AS@Sid@AA=71004@ASnr@AA=1@ASml@AA=10000@ASip@AA=danmu.douyutv.com@ASport@AA=8602@AS@Sid@AA=70302@ASnr@AA=1@ASml@AA=10000@ASip@AA=danmu.douyutv.com@ASport@AA=12602@AS@Sid@AA=70701@ASnr@AA=1@ASml@AA=10000@ASip@AA=danmu.douyutv.com@ASport@AA=12601@AS@Sid@AA=71003@ASnr@AA=1@ASml@AA=10000@ASip@AA=danmu.douyutv.com@ASport@AA=8601@AS@Sid@AA=70102@ASnr@AA=1@ASml@AA=10000@ASip@AA=danmu.douyutv.com@ASport@AA=12602@AS@Sid@AA=70301@ASnr@AA=1@ASml@AA=10000@ASip@AA=danmu.douyutv.com@ASport@AA=12601@AS@Sid@AA=70604@ASnr@AA=1@ASml@AA=10000@ASip@AA=danmu.douyutv.com@ASport@AA=8602@AS@Sid@AA=71002@ASnr@AA=1@ASml@AA=10000@ASip@AA=danmu.douyutv.com@ASport@AA=12602@AS@Sid@AA=70101@ASnr@AA=1@ASml@AA=10000@ASip@AA=danmu.douyutv.com@ASport@AA=12601@AS@Sid@AA=70084@ASnr@AA=1@ASml@AA=10000@ASip@AA=danmu.douyutv.com@ASport@AA=8602@AS@Sid@AA=70002@ASnr@AA=1@ASml@AA=10000@ASip@AA=danmu.douyutv.com@ASport@AA=8602@AS@Sid@AA=70703@ASnr@AA=1@ASml@AA=10000@ASip@AA=danmu.douyutv.com@ASport@AA=8601@AS@Sid@AA=70007@ASnr@AA=1@ASml@AA=10000@ASip@AA=danmu.douyutv.com@ASport@AA=8601@AS@Sid@AA=70004@ASnr@AA=1@ASml@AA=10000@ASip@AA=danmu.douyutv.com@ASport@AA=8602@AS@Sid@AA=70503@ASnr@AA=1@ASml@AA=10000@ASip@AA=danmu.douyutv.com@ASport@AA=8601@AS@Sid@AA=70704@ASnr@AA=1@ASml@AA=10000@ASip@AA=danmu.douyutv.com@ASport@AA=8602@AS@Sid@AA=70008@ASnr@AA=1@ASml@AA=10000@ASip@AA=danmu.douyutv.com@ASport@AA=8602@AS@Sid@AA=70081@ASnr@AA=1@ASml@AA=10000@ASip@AA=danmu.douyutv.com@ASport@AA=12601@AS@Sid@AA=70603@ASnr@AA=1@ASml@AA=10000@ASip@AA=danmu.douyutv.com@ASport@AA=8601@AS@S/
2014-11-27 13:20:21 INFO LoginMinaHandler:69 - LoginServer:type@=setmsggroup/rid@=78996/gid@=0/
2014-11-27 13:20:21 INFO LoginMinaHandler:98 - 获取的登录用户名为: visitor543950
2014-11-27 13:20:21 INFO LoginMinaHandler:101 - 登陆的病床编号为: 78996 床
2014-11-27 13:20:21 INFO LoginMinaHandler:104 - 加入的讨论群组为: 0 组
2014-11-27 13:20:21 INFO ContentMinaThread:40 - 随机选择弹幕服务器 danmu.douyutv.com:8602
2014-11-27 13:20:22 INFO LoginMinaHandler:69 - LoginServer:type@=scl/cd@=0/maxl@=50/
2014-11-27 13:20:22 INFO LoginMinaHandler:69 - LoginServer:type@=keeplive/tick@=18/uc@=3/
2014-11-27 13:20:22 INFO LoginMinaHandler:69 - LoginServer:type@=rsm/rid@=0/gid@=0/t@=2/bt@=1416382388/vt@=703653/c@=任务系统已维护完毕，部分登录异常的账号可正常登录了！丢失鱼丸的用户可登录《王者召唤》重新领取任务鱼丸奖励！/url@=/
2014-11-27 13:21:03 INFO LoginMinaThread:46 - 随机选择登陆服务器 182.18.47.51:8039
2014-11-27 13:21:04 INFO LoginMinaHandler:69 - LoginServer:type@=loginres/userid@=1300119221/roomgroup@=0/pg@=0/sessionid@=929347244/username@=visitor99221/nickname@=visitor99221/is_signined@=0/signin_count@=0/s@=1417065665/live_stat@=1/npv@=0/
2014-11-27 13:21:08 INFO LoginMinaHandler:69 - LoginServer:type@=msgrepeaterlist/rid@=84039/list@=id@AA=70007@ASnr@AA=1@ASml@AA=10000@ASip@AA=danmu.douyutv.com@ASport@AA=8601@AS@Sid@AA=71001@ASnr@AA=1@ASml@AA=10000@ASip@AA=danmu.douyutv.com@ASport@AA=12601@AS@Sid@AA=70501@ASnr@AA=1@ASml@AA=10000@ASip@AA=danmu.douyutv.com@ASport@AA=12601@AS@Sid@AA=70602@ASnr@AA=1@ASml@AA=10000@ASip@AA=danmu.douyutv.com@ASport@AA=12602@AS@Sid@AA=70502@ASnr@AA=1@ASml@AA=10000@ASip@AA=danmu.douyutv.com@ASport@AA=12602@AS@Sid@AA=70202@ASnr@AA=1@ASml@AA=10000@ASip@AA=danmu.douyutv.com@ASport@AA=12602@AS@Sid@AA=70504@ASnr@AA=1@ASml@AA=10000@ASip@AA=danmu.douyutv.com@ASport@AA=8602@AS@Sid@AA=70301@ASnr@AA=1@ASml@AA=10000@ASip@AA=danmu.douyutv.com@ASport@AA=12601@AS@Sid@AA=70701@ASnr@AA=1@ASml@AA=10000@ASip@AA=danmu.douyutv.com@ASport@AA=12601@AS@Sid@AA=70702@ASnr@AA=1@ASml@AA=10000@ASip@AA=danmu.douyutv.com@ASport@AA=12602@AS@Sid@AA=71004@ASnr@AA=1@ASml@AA=10000@ASip@AA=danmu.douyutv.com@ASport@AA=8602@AS@Sid@AA=70001@ASnr@AA=1@ASml@AA=10000@ASip@AA=danmu.douyutv.com@ASport@AA=8601@AS@Sid@AA=71003@ASnr@AA=1@ASml@AA=10000@ASip@AA=danmu.douyutv.com@ASport@AA=8601@AS@Sid@AA=70102@ASnr@AA=1@ASml@AA=10000@ASip@AA=danmu.douyutv.com@ASport@AA=12602@AS@Sid@AA=70503@ASnr@AA=1@ASml@AA=10000@ASip@AA=danmu.douyutv.com@ASport@AA=8601@AS@Sid@AA=70002@ASnr@AA=1@ASml@AA=10000@ASip@AA=danmu.douyutv.com@ASport@AA=8602@AS@Sid@AA=70003@ASnr@AA=1@ASml@AA=10000@ASip@AA=danmu.douyutv.com@ASport@AA=8601@AS@Sid@AA=70603@ASnr@AA=1@ASml@AA=10000@ASip@AA=danmu.douyutv.com@ASport@AA=8601@AS@Sid@AA=70081@ASnr@AA=1@ASml@AA=10000@ASip@AA=danmu.douyutv.com@ASport@AA=12601@AS@Sid@AA=70302@ASnr@AA=1@ASml@AA=10000@ASip@AA=danmu.douyutv.com@ASport@AA=12602@AS@Sid@AA=70004@ASnr@AA=1@ASml@AA=10000@ASip@AA=danmu.douyutv.com@ASport@AA=8602@AS@Sid@AA=70604@ASnr@AA=1@ASml@AA=10000@ASip@AA=danmu.douyutv.com@ASport@AA=8602@AS@Sid@AA=70082@ASnr@AA=1@ASml@AA=10000@ASip@AA=danmu.douyutv.com@ASport@AA=12602@AS@Sid@AA=70201@ASnr@AA=1@ASml@AA=10000@ASip@AA=danmu.douyutv.com@ASport@AA=12601@AS@Sid@AA=70703@ASnr@AA=1@ASml@AA=10000@ASip@AA=danmu.douyutv.com@ASport@AA=8601@AS@Sid@AA=70601@ASnr@AA=1@ASml@AA=10000@ASip@AA=danmu.douyutv.com@ASport@AA=12601@AS@Sid@AA=71002@ASnr@AA=1@ASml@AA=10000@ASip@AA=danmu.douyutv.com@ASport@AA=12602@AS@Sid@AA=70101@ASnr@AA=1@ASml@AA=10000@ASip@AA=danmu.douyutv.com@ASport@AA=12601@AS@Sid@AA=70084@ASnr@AA=1@ASml@AA=10000@ASip@AA=danmu.douyutv.com@ASport@AA=8602@AS@Sid@AA=70083@ASnr@AA=1@ASml@AA=10000@ASip@AA=danmu.douyutv.com@ASport@AA=8601@AS@Sid@AA=70704@ASnr@AA=1@ASml@AA=10000@ASip@AA=danmu.douyutv.com@ASport@AA=8602@AS@Sid@AA=70008@ASnr@AA=1@ASml@AA=10000@ASip@AA=danmu.douyutv.com@ASport@AA=8602@AS@S/
2014-11-27 13:21:08 INFO LoginMinaHandler:69 - LoginServer:type@=setmsggroup/rid@=84039/gid@=0/
2014-11-27 13:21:08 INFO LoginMinaHandler:98 - 获取的登录用户名为: visitor99221
2014-11-27 13:21:08 INFO LoginMinaHandler:101 - 登陆的病床编号为: 84039 床
2014-11-27 13:21:08 INFO LoginMinaHandler:104 - 加入的讨论群组为: 0 组
2014-11-27 13:21:08 INFO ContentMinaThread:40 - 随机选择弹幕服务器 danmu.douyutv.com:12601
2014-11-27 13:21:09 INFO LoginMinaHandler:69 - LoginServer:type@=scl/cd@=0/maxl@=50/
2014-11-27 13:21:09 INFO LoginMinaHandler:69 - LoginServer:type@=keeplive/tick@=65/uc@=17/
2014-11-27 13:21:09 INFO LoginMinaHandler:69 - LoginServer:type@=rsm/rid@=0/gid@=0/t@=2/bt@=1416382388/vt@=703653/c@=任务系统已维护完毕，部分登录异常的账号可正常登录了！丢失鱼丸的用户可登录《王者召唤》重新领取任务鱼丸奖励！/url@=/
