2014-12-19 16:33:55 INFO LoginMinaThread:46 - 随机选择登陆服务器 182.18.47.10:8001
2014-12-19 16:34:03 INFO LoginMinaHandler:98 - 获取的登录用户名为: visitor4976898
2014-12-19 16:34:03 INFO LoginMinaHandler:101 - 登陆的病床编号为: 9 床
2014-12-19 16:34:03 INFO LoginMinaHandler:104 - 加入的讨论群组为: 0 组
2014-12-19 16:34:03 INFO ContentMinaThread:40 - 随机选择弹幕服务器 danmu.douyutv.com:12601
2014-12-19 16:35:11 INFO LoginMinaThread:46 - 随机选择登陆服务器 182.18.47.10:8010
2014-12-19 16:35:16 INFO LoginMinaHandler:98 - 获取的登录用户名为: Teemo
2014-12-19 16:35:16 INFO LoginMinaHandler:101 - 登陆的病床编号为: 9 床
2014-12-19 16:35:16 INFO LoginMinaHandler:104 - 加入的讨论群组为: 0 组
2014-12-19 16:35:16 INFO ContentMinaThread:40 - 随机选择弹幕服务器 danmu.douyutv.com:12602
2014-12-19 16:35:18 INFO ContentMinaHandler:90 - 接收到弹幕消息	Teemo : [TeemoBot]一~二~三~四~ 胃必治~ 提摩BOT帅气登场~
2014-12-19 16:35:22 INFO ContentMinaHandler:90 - 接收到弹幕消息	那由 : 我自己都看不到自己发的弹幕
2014-12-19 16:35:27 INFO ContentMinaHandler:90 - 接收到弹幕消息	DanteDANN : 十个有点太少了吧 =  =
2014-12-19 16:36:25 INFO LoginMinaThread:46 - 随机选择登陆服务器 182.18.47.52:8025
2014-12-19 16:36:25 INFO LoginMinaHandler:69 - LoginServer:type@=loginres/userid@=1305057519/roomgroup@=0/pg@=0/sessionid@=699348321/username@=visitor4977519/nickname@=visitor4977519/is_signined@=0/signin_count@=0/s@=1418978187/live_stat@=1/npv@=0/
2014-12-19 16:36:29 INFO LoginMinaHandler:69 - LoginServer:type@=msgrepeaterlist/rid@=9/list@=id@AA=70502@ASnr@AA=1@ASml@AA=10000@ASip@AA=danmu.douyutv.com@ASport@AA=12602@AS@Sid@AA=70503@ASnr@AA=1@ASml@AA=10000@ASip@AA=danmu.douyutv.com@ASport@AA=8601@AS@Sid@AA=71304@ASnr@AA=1@ASml@AA=10000@ASip@AA=danmu.douyutv.com@ASport@AA=8602@AS@Sid@AA=70501@ASnr@AA=1@ASml@AA=10000@ASip@AA=danmu.douyutv.com@ASport@AA=12601@AS@Sid@AA=70504@ASnr@AA=1@ASml@AA=10000@ASip@AA=danmu.douyutv.com@ASport@AA=8602@AS@Sid@AA=70004@ASnr@AA=1@ASml@AA=10000@ASip@AA=danmu.douyutv.com@ASport@AA=8602@AS@Sid@AA=71303@ASnr@AA=1@ASml@AA=10000@ASip@AA=danmu.douyutv.com@ASport@AA=8601@AS@Sid@AA=70084@ASnr@AA=1@ASml@AA=10000@ASip@AA=danmu.douyutv.com@ASport@AA=8602@AS@Sid@AA=71701@ASnr@AA=1@ASml@AA=10000@ASip@AA=danmu.douyutv.com@ASport@AA=12601@AS@Sid@AA=71702@ASnr@AA=1@ASml@AA=10000@ASip@AA=danmu.douyutv.com@ASport@AA=12602@AS@Sid@AA=70202@ASnr@AA=1@ASml@AA=10000@ASip@AA=danmu.douyutv.com@ASport@AA=12602@AS@Sid@AA=70201@ASnr@AA=1@ASml@AA=10000@ASip@AA=danmu.douyutv.com@ASport@AA=12601@AS@Sid@AA=70003@ASnr@AA=1@ASml@AA=10000@ASip@AA=danmu.douyutv.com@ASport@AA=8601@AS@Sid@AA=70081@ASnr@AA=1@ASml@AA=10000@ASip@AA=danmu.douyutv.com@ASport@AA=12601@AS@Sid@AA=71601@ASnr@AA=1@ASml@AA=10000@ASip@AA=danmu.douyutv.com@ASport@AA=12601@AS@Sid@AA=71703@ASnr@AA=1@ASml@AA=10000@ASip@AA=danmu.douyutv.com@ASport@AA=8601@AS@Sid@AA=70007@ASnr@AA=1@ASml@AA=10000@ASip@AA=danmu.douyutv.com@ASport@AA=8601@AS@Sid@AA=71001@ASnr@AA=1@ASml@AA=10000@ASip@AA=danmu.douyutv.com@ASport@AA=12601@AS@Sid@AA=70002@ASnr@AA=1@ASml@AA=10000@ASip@AA=danmu.douyutv.com@ASport@AA=8602@AS@Sid@AA=71004@ASnr@AA=1@ASml@AA=10000@ASip@AA=danmu.douyutv.com@ASport@AA=8602@AS@Sid@AA=70001@ASnr@AA=1@ASml@AA=10000@ASip@AA=danmu.douyutv.com@ASport@AA=8601@AS@Sid@AA=71704@ASnr@AA=1@ASml@AA=10000@ASip@AA=danmu.douyutv.com@ASport@AA=8602@AS@Sid@AA=70008@ASnr@AA=1@ASml@AA=10000@ASip@AA=danmu.douyutv.com@ASport@AA=8602@AS@Sid@AA=71604@ASnr@AA=1@ASml@AA=10000@ASip@AA=danmu.douyutv.com@ASport@AA=8602@AS@Sid@AA=70703@ASnr@AA=1@ASml@AA=10000@ASip@AA=danmu.douyutv.com@ASport@AA=8601@AS@Sid@AA=71203@ASnr@AA=1@ASml@AA=10000@ASip@AA=danmu.douyutv.com@ASport@AA=8601@AS@Sid@AA=70302@ASnr@AA=1@ASml@AA=10000@ASip@AA=danmu.douyutv.com@ASport@AA=12602@AS@Sid@AA=70604@ASnr@AA=1@ASml@AA=10000@ASip@AA=danmu.douyutv.com@ASport@AA=8602@AS@Sid@AA=71202@ASnr@AA=1@ASml@AA=10000@ASip@AA=danmu.douyutv.com@ASport@AA=12602@AS@Sid@AA=70301@ASnr@AA=1@ASml@AA=10000@ASip@AA=danmu.douyutv.com@ASport@AA=12601@AS@Sid@AA=71603@ASnr@AA=1@ASml@AA=10000@ASip@AA=danmu.douyutv.com@ASport@AA=8601@AS@Sid@AA=70702@ASnr@AA=1@ASml@AA=10000@ASip@AA=danmu.douyutv.com@ASport@AA=12602@AS@Sid@AA=70701@ASnr@AA=1@ASml@AA=10000@ASip@AA=danmu.douyutv.com@ASport@AA=12601@AS@Sid@AA=71602@ASnr@AA=1@ASml@AA=10000@ASip@AA=danmu.douyutv.com@ASport@AA=12602@AS@Sid@AA=71002@ASnr@AA=1@ASml@AA=10000@ASip@AA=danmu.douyutv.com@ASport@AA=12602@AS@Sid@AA=70101@ASnr@AA=1@ASml@AA=10000@ASip@AA=danmu.douyutv.com@ASport@AA=12601@AS@Sid@AA=71504@ASnr@AA=1@ASml@AA=10000@ASip@AA=danmu.douyutv.com@ASport@AA=8602@AS@Sid@AA=70603@ASnr@AA=1@ASml@AA=10000@ASip@AA=danmu.douyutv.com@ASport@AA=8601@AS@Sid@AA=70601@ASnr@AA=1@ASml@AA=10000@ASip@AA=danmu.douyutv.com@ASport@AA=12601@AS@Sid@AA=71502@ASnr@AA=1@ASml@AA=10000@ASip@AA=danmu.douyutv.com@ASport@AA=12602@AS@Sid@AA=70602@ASnr@AA=1@ASml@AA=10000@ASip@AA=danmu.douyutv.com@ASport@AA=12602@AS@Sid@AA=71503@ASnr@AA=1@ASml@AA=10000@ASip@AA=danmu.douyutv.com@ASport@AA=8601@AS@Sid@AA=70102@ASnr@AA=1@ASml@AA=10000@ASip@AA=danmu.douyutv.com@ASport@AA=12602@AS@Sid@AA=71003@ASnr@AA=1@ASml@AA=10000@ASip@AA=danmu.douyutv.com@ASport@AA=8601@AS@Sid@AA=71204@ASnr@AA=1@ASml@AA=10000@ASip@AA=danmu.douyutv.com@ASport@AA=8602@AS@Sid@AA=71302@ASnr@AA=1@ASml@AA=10000@ASip@AA=danmu.douyutv.com@ASport@AA=12602@AS@Sid@AA=70083@ASnr@AA=1@ASml@AA=10000@ASip@AA=danmu.douyutv.com@ASport@AA=8601@AS@Sid@AA=71201@ASnr@AA=1@ASml@AA=10000@ASip@AA=danmu.douyutv.com@ASport@AA=12601@AS@Sid@AA=70704@ASnr@AA=1@ASml@AA=10000@ASip@AA=danmu.douyutv.com@ASport@AA=8602@AS@Sid@AA=71501@ASnr@AA=1@ASml@AA=10000@ASip@AA=danmu.douyutv.com@ASport@AA=12601@AS@Sid@AA=70082@ASnr@AA=1@ASml@AA=10000@ASip@AA=danmu.douyutv.com@ASport@AA=12602@AS@S/
2014-12-19 16:36:29 INFO LoginMinaHandler:69 - LoginServer:type@=setmsggroup/rid@=9/gid@=0/
2014-12-19 16:36:29 INFO LoginMinaHandler:98 - 获取的登录用户名为: visitor4977519
2014-12-19 16:36:30 INFO LoginMinaHandler:101 - 登陆的病床编号为: 9 床
2014-12-19 16:36:30 INFO LoginMinaHandler:104 - 加入的讨论群组为: 0 组
2014-12-19 16:36:30 INFO ContentMinaThread:40 - 随机选择弹幕服务器 danmu.douyutv.com:8602
2014-12-19 16:36:31 INFO LoginMinaHandler:69 - LoginServer:type@=scl/cd@=0/maxl@=50/
2014-12-19 16:36:31 INFO LoginMinaHandler:69 - LoginServer:type@=keeplive/tick@=86/uc@=111/
2014-12-19 16:36:31 INFO LoginMinaHandler:69 - LoginServer:type@=rsm/rid@=59/gid@=0/t@=2/bt@=1418702342/vt@=0/c@=现在，斗鱼TV开启国际手机号绑定功能啦，海外用户再也不用为发不了弹幕而苦恼了。斗鱼制作了简易教程，让在海外用户轻松完成绑定。点击即可查看/url@=http:@S@Swww.douyutv.com@Scms@Sgong@S201411@S28@S415.shtml/
2014-12-19 16:37:08 INFO ContentMinaHandler:90 - 接收到弹幕消息	你才是土狗 : 祖传代码
2014-12-19 16:37:11 INFO ContentMinaHandler:90 - 接收到弹幕消息	你才是土狗 : 如果遇到观看直播顿卡，载入的情况，请在地址栏后面加上?cdn=lx
2014-12-19 16:37:11 INFO LoginMinaHandler:69 - LoginServer:type@=keeplive/tick@=31/uc@=107/
2014-12-19 16:37:51 INFO ContentMinaHandler:90 - 接收到弹幕消息	练武奇才 : 那B
2014-12-19 16:37:54 INFO ContentMinaHandler:90 - 接收到弹幕消息	练武奇才 : soga
2014-12-19 16:37:56 INFO LoginMinaHandler:69 - LoginServer:type@=keeplive/tick@=76/uc@=97/
2014-12-19 16:38:41 INFO LoginMinaHandler:69 - LoginServer:type@=keeplive/tick@=21/uc@=100/
2014-12-19 16:40:11 INFO LoginMinaThread:46 - 随机选择登陆服务器 182.18.47.51:8015
2014-12-19 16:40:12 INFO LoginMinaHandler:69 - LoginServer:type@=loginres/userid@=1301665655/roomgroup@=0/pg@=0/sessionid@=520144650/username@=visitor1485655/nickname@=visitor1485655/is_signined@=0/signin_count@=0/s@=1418978413/live_stat@=1/npv@=0/
2014-12-19 16:40:16 INFO LoginMinaHandler:69 - LoginServer:type@=msgrepeaterlist/rid@=11758/list@=id@AA=70501@ASnr@AA=1@ASml@AA=10000@ASip@AA=danmu.douyutv.com@ASport@AA=12601@AS@Sid@AA=70503@ASnr@AA=1@ASml@AA=10000@ASip@AA=danmu.douyutv.com@ASport@AA=8601@AS@Sid@AA=70504@ASnr@AA=1@ASml@AA=10000@ASip@AA=danmu.douyutv.com@ASport@AA=8602@AS@Sid@AA=70502@ASnr@AA=1@ASml@AA=10000@ASip@AA=danmu.douyutv.com@ASport@AA=12602@AS@Sid@AA=71304@ASnr@AA=1@ASml@AA=10000@ASip@AA=danmu.douyutv.com@ASport@AA=8602@AS@Sid@AA=70004@ASnr@AA=1@ASml@AA=10000@ASip@AA=danmu.douyutv.com@ASport@AA=8602@AS@Sid@AA=71303@ASnr@AA=1@ASml@AA=10000@ASip@AA=danmu.douyutv.com@ASport@AA=8601@AS@Sid@AA=70084@ASnr@AA=1@ASml@AA=10000@ASip@AA=danmu.douyutv.com@ASport@AA=8602@AS@Sid@AA=71701@ASnr@AA=1@ASml@AA=10000@ASip@AA=danmu.douyutv.com@ASport@AA=12601@AS@Sid@AA=71702@ASnr@AA=1@ASml@AA=10000@ASip@AA=danmu.douyutv.com@ASport@AA=12602@AS@Sid@AA=70201@ASnr@AA=1@ASml@AA=10000@ASip@AA=danmu.douyutv.com@ASport@AA=12601@AS@Sid@AA=70081@ASnr@AA=1@ASml@AA=10000@ASip@AA=danmu.douyutv.com@ASport@AA=12601@AS@Sid@AA=70202@ASnr@AA=1@ASml@AA=10000@ASip@AA=danmu.douyutv.com@ASport@AA=12602@AS@Sid@AA=71601@ASnr@AA=1@ASml@AA=10000@ASip@AA=danmu.douyutv.com@ASport@AA=12601@AS@Sid@AA=70007@ASnr@AA=1@ASml@AA=10000@ASip@AA=danmu.douyutv.com@ASport@AA=8601@AS@Sid@AA=71703@ASnr@AA=1@ASml@AA=10000@ASip@AA=danmu.douyutv.com@ASport@AA=8601@AS@Sid@AA=71001@ASnr@AA=1@ASml@AA=10000@ASip@AA=danmu.douyutv.com@ASport@AA=12601@AS@Sid@AA=70002@ASnr@AA=1@ASml@AA=10000@ASip@AA=danmu.douyutv.com@ASport@AA=8602@AS@Sid@AA=71004@ASnr@AA=1@ASml@AA=10000@ASip@AA=danmu.douyutv.com@ASport@AA=8602@AS@Sid@AA=70001@ASnr@AA=1@ASml@AA=10000@ASip@AA=danmu.douyutv.com@ASport@AA=8601@AS@Sid@AA=71704@ASnr@AA=1@ASml@AA=10000@ASip@AA=danmu.douyutv.com@ASport@AA=8602@AS@Sid@AA=70008@ASnr@AA=1@ASml@AA=10000@ASip@AA=danmu.douyutv.com@ASport@AA=8602@AS@Sid@AA=71604@ASnr@AA=1@ASml@AA=10000@ASip@AA=danmu.douyutv.com@ASport@AA=8602@AS@Sid@AA=70703@ASnr@AA=1@ASml@AA=10000@ASip@AA=danmu.douyutv.com@ASport@AA=8601@AS@Sid@AA=70604@ASnr@AA=1@ASml@AA=10000@ASip@AA=danmu.douyutv.com@ASport@AA=8602@AS@Sid@AA=70302@ASnr@AA=1@ASml@AA=10000@ASip@AA=danmu.douyutv.com@ASport@AA=12602@AS@Sid@AA=71203@ASnr@AA=1@ASml@AA=10000@ASip@AA=danmu.douyutv.com@ASport@AA=8601@AS@Sid@AA=70003@ASnr@AA=1@ASml@AA=10000@ASip@AA=danmu.douyutv.com@ASport@AA=8601@AS@Sid@AA=71202@ASnr@AA=1@ASml@AA=10000@ASip@AA=danmu.douyutv.com@ASport@AA=12602@AS@Sid@AA=70301@ASnr@AA=1@ASml@AA=10000@ASip@AA=danmu.douyutv.com@ASport@AA=12601@AS@Sid@AA=71603@ASnr@AA=1@ASml@AA=10000@ASip@AA=danmu.douyutv.com@ASport@AA=8601@AS@Sid@AA=70702@ASnr@AA=1@ASml@AA=10000@ASip@AA=danmu.douyutv.com@ASport@AA=12602@AS@Sid@AA=71602@ASnr@AA=1@ASml@AA=10000@ASip@AA=danmu.douyutv.com@ASport@AA=12602@AS@Sid@AA=70701@ASnr@AA=1@ASml@AA=10000@ASip@AA=danmu.douyutv.com@ASport@AA=12601@AS@Sid@AA=71002@ASnr@AA=1@ASml@AA=10000@ASip@AA=danmu.douyutv.com@ASport@AA=12602@AS@Sid@AA=70101@ASnr@AA=1@ASml@AA=10000@ASip@AA=danmu.douyutv.com@ASport@AA=12601@AS@Sid@AA=71301@ASnr@AA=1@ASml@AA=10000@ASip@AA=danmu.douyutv.com@ASport@AA=12601@AS@Sid@AA=70082@ASnr@AA=1@ASml@AA=10000@ASip@AA=danmu.douyutv.com@ASport@AA=12602@AS@Sid@AA=70602@ASnr@AA=1@ASml@AA=10000@ASip@AA=danmu.douyutv.com@ASport@AA=12602@AS@Sid@AA=71503@ASnr@AA=1@ASml@AA=10000@ASip@AA=danmu.douyutv.com@ASport@AA=8601@AS@Sid@AA=70704@ASnr@AA=1@ASml@AA=10000@ASip@AA=danmu.douyutv.com@ASport@AA=8602@AS@Sid@AA=71502@ASnr@AA=1@ASml@AA=10000@ASip@AA=danmu.douyutv.com@ASport@AA=12602@AS@Sid@AA=70601@ASnr@AA=1@ASml@AA=10000@ASip@AA=danmu.douyutv.com@ASport@AA=12601@AS@Sid@AA=71504@ASnr@AA=1@ASml@AA=10000@ASip@AA=danmu.douyutv.com@ASport@AA=8602@AS@Sid@AA=70603@ASnr@AA=1@ASml@AA=10000@ASip@AA=danmu.douyutv.com@ASport@AA=8601@AS@Sid@AA=70102@ASnr@AA=1@ASml@AA=10000@ASip@AA=danmu.douyutv.com@ASport@AA=12602@AS@Sid@AA=71003@ASnr@AA=1@ASml@AA=10000@ASip@AA=danmu.douyutv.com@ASport@AA=8601@AS@Sid@AA=71204@ASnr@AA=1@ASml@AA=10000@ASip@AA=danmu.douyutv.com@ASport@AA=8602@AS@Sid@AA=71302@ASnr@AA=1@ASml@AA=10000@ASip@AA=danmu.douyutv.com@ASport@AA=12602@AS@Sid@AA=70083@ASnr@AA=1@ASml@AA=10000@ASip@AA=danmu.douyutv.com@ASport@AA=8601@AS@Sid@AA=71501@ASnr@AA=1@ASml@AA=10000@ASip@AA=danmu.douyutv.com@ASport@AA=12601@AS@Sid@AA=71201@ASnr@AA=1@ASml@AA=10000@ASip@AA=danmu.douyutv.com@ASport@AA=12601@AS@S/
2014-12-19 16:40:16 INFO LoginMinaHandler:69 - LoginServer:type@=setmsggroup/rid@=11758/gid@=0/
2014-12-19 16:40:16 INFO LoginMinaHandler:102 - 获取的登录用户名为: visitor1485655
2014-12-19 16:40:16 INFO LoginMinaHandler:105 - 登陆的病床编号为: 11758 床
2014-12-19 16:40:16 INFO LoginMinaHandler:108 - 加入的讨论群组为: 0 组
2014-12-19 16:40:16 INFO ContentMinaThread:40 - 随机选择弹幕服务器 danmu.douyutv.com:8601
2014-12-19 16:40:17 INFO LoginMinaHandler:69 - LoginServer:type@=scl/cd@=0/maxl@=20/
2014-12-19 16:40:17 INFO LoginMinaHandler:69 - LoginServer:type@=keeplive/tick@=13/uc@=15394/
2014-12-19 16:40:17 INFO LoginMinaHandler:69 - LoginServer:type@=rsm/rid@=59/gid@=0/t@=2/bt@=1418702342/vt@=0/c@=现在，斗鱼TV开启国际手机号绑定功能啦，海外用户再也不用为发不了弹幕而苦恼了。斗鱼制作了简易教程，让在海外用户轻松完成绑定。点击即可查看/url@=http:@S@Swww.douyutv.com@Scms@Sgong@S201411@S28@S415.shtml/
2014-12-19 16:42:07 WARN JSONObject:1454 - Can't transform property 'data' from java.lang.String into name.yumao.douyu.vo.RoomApiDataVo. Will register a default Morpher
2014-12-19 16:42:08 WARN BeanMorpher:116 - Property 'java.lang.String.cate_id' does not exist. SKIPPED.
2014-12-19 16:42:08 INFO BeanMorpher:98 - Property 'name.yumao.douyu.vo.RoomApiDataVo.class' has no write method. SKIPPED.
2014-12-19 16:42:08 WARN BeanMorpher:116 - Property 'java.lang.String.fans' does not exist. SKIPPED.
2014-12-19 16:42:08 WARN BeanMorpher:116 - Property 'java.lang.String.game_name' does not exist. SKIPPED.
2014-12-19 16:42:08 WARN BeanMorpher:116 - Property 'java.lang.String.game_url' does not exist. SKIPPED.
2014-12-19 16:42:08 WARN BeanMorpher:116 - Property 'java.lang.String.nickname' does not exist. SKIPPED.
2014-12-19 16:42:08 WARN BeanMorpher:116 - Property 'java.lang.String.online' does not exist. SKIPPED.
2014-12-19 16:42:08 WARN BeanMorpher:116 - Property 'java.lang.String.owner_avatar' does not exist. SKIPPED.
2014-12-19 16:42:08 WARN BeanMorpher:116 - Property 'java.lang.String.owner_uid' does not exist. SKIPPED.
2014-12-19 16:42:08 WARN BeanMorpher:116 - Property 'java.lang.String.owner_weight' does not exist. SKIPPED.
2014-12-19 16:42:08 WARN BeanMorpher:116 - Property 'java.lang.String.room_id' does not exist. SKIPPED.
2014-12-19 16:42:08 WARN BeanMorpher:116 - Property 'java.lang.String.room_name' does not exist. SKIPPED.
2014-12-19 16:42:08 WARN BeanMorpher:116 - Property 'java.lang.String.room_src' does not exist. SKIPPED.
2014-12-19 16:42:08 WARN BeanMorpher:116 - Property 'java.lang.String.rtmp_cdn' does not exist. SKIPPED.
2014-12-19 16:42:08 WARN BeanMorpher:116 - Property 'java.lang.String.rtmp_live' does not exist. SKIPPED.
2014-12-19 16:42:08 WARN BeanMorpher:116 - Property 'java.lang.String.rtmp_multi_bitrate' does not exist. SKIPPED.
2014-12-19 16:42:08 WARN BeanMorpher:116 - Property 'java.lang.String.rtmp_url' does not exist. SKIPPED.
2014-12-19 16:42:08 WARN BeanMorpher:116 - Property 'java.lang.String.servers' does not exist. SKIPPED.
2014-12-19 16:42:08 WARN BeanMorpher:116 - Property 'java.lang.String.show_details' does not exist. SKIPPED.
2014-12-19 16:42:08 WARN BeanMorpher:116 - Property 'java.lang.String.show_status' does not exist. SKIPPED.
2014-12-19 16:42:08 WARN BeanMorpher:116 - Property 'java.lang.String.show_time' does not exist. SKIPPED.
2014-12-19 16:42:08 WARN BeanMorpher:116 - Property 'java.lang.String.specific_catalog' does not exist. SKIPPED.
2014-12-19 16:42:08 WARN BeanMorpher:116 - Property 'java.lang.String.specific_status' does not exist. SKIPPED.
2014-12-19 16:42:08 WARN BeanMorpher:116 - Property 'java.lang.String.subject' does not exist. SKIPPED.
2014-12-19 16:42:08 WARN BeanMorpher:116 - Property 'java.lang.String.tags' does not exist. SKIPPED.
2014-12-19 16:42:08 WARN BeanMorpher:116 - Property 'java.lang.String.url' does not exist. SKIPPED.
2014-12-19 16:42:08 WARN BeanMorpher:116 - Property 'java.lang.String.use_p2p' does not exist. SKIPPED.
2014-12-19 16:42:08 WARN BeanMorpher:116 - Property 'java.lang.String.vod_quality' does not exist. SKIPPED.
2014-12-19 16:45:19 INFO LoginMinaThread:46 - 随机选择登陆服务器 182.18.47.51:8019
2014-12-19 16:45:20 INFO LoginMinaHandler:69 - LoginServer:type@=loginres/userid@=1301795057/roomgroup@=0/pg@=0/sessionid@=587254625/username@=visitor1595057/nickname@=visitor1595057/is_signined@=0/signin_count@=0/s@=1418978721/live_stat@=1/npv@=0/
2014-12-19 16:45:24 INFO LoginMinaHandler:69 - LoginServer:type@=msgrepeaterlist/rid@=86410/list@=id@AA=70502@ASnr@AA=1@ASml@AA=10000@ASip@AA=danmu.douyutv.com@ASport@AA=12602@AS@Sid@AA=71304@ASnr@AA=1@ASml@AA=10000@ASip@AA=danmu.douyutv.com@ASport@AA=8602@AS@Sid@AA=70504@ASnr@AA=1@ASml@AA=10000@ASip@AA=danmu.douyutv.com@ASport@AA=8602@AS@Sid@AA=70501@ASnr@AA=1@ASml@AA=10000@ASip@AA=danmu.douyutv.com@ASport@AA=12601@AS@Sid@AA=70503@ASnr@AA=1@ASml@AA=10000@ASip@AA=danmu.douyutv.com@ASport@AA=8601@AS@Sid@AA=70004@ASnr@AA=1@ASml@AA=10000@ASip@AA=danmu.douyutv.com@ASport@AA=8602@AS@Sid@AA=71303@ASnr@AA=1@ASml@AA=10000@ASip@AA=danmu.douyutv.com@ASport@AA=8601@AS@Sid@AA=70084@ASnr@AA=1@ASml@AA=10000@ASip@AA=danmu.douyutv.com@ASport@AA=8602@AS@Sid@AA=71701@ASnr@AA=1@ASml@AA=10000@ASip@AA=danmu.douyutv.com@ASport@AA=12601@AS@Sid@AA=71702@ASnr@AA=1@ASml@AA=10000@ASip@AA=danmu.douyutv.com@ASport@AA=12602@AS@Sid@AA=70201@ASnr@AA=1@ASml@AA=10000@ASip@AA=danmu.douyutv.com@ASport@AA=12601@AS@Sid@AA=70081@ASnr@AA=1@ASml@AA=10000@ASip@AA=danmu.douyutv.com@ASport@AA=12601@AS@Sid@AA=70202@ASnr@AA=1@ASml@AA=10000@ASip@AA=danmu.douyutv.com@ASport@AA=12602@AS@Sid@AA=71601@ASnr@AA=1@ASml@AA=10000@ASip@AA=danmu.douyutv.com@ASport@AA=12601@AS@Sid@AA=71703@ASnr@AA=1@ASml@AA=10000@ASip@AA=danmu.douyutv.com@ASport@AA=8601@AS@Sid@AA=70007@ASnr@AA=1@ASml@AA=10000@ASip@AA=danmu.douyutv.com@ASport@AA=8601@AS@Sid@AA=71001@ASnr@AA=1@ASml@AA=10000@ASip@AA=danmu.douyutv.com@ASport@AA=12601@AS@Sid@AA=70002@ASnr@AA=1@ASml@AA=10000@ASip@AA=danmu.douyutv.com@ASport@AA=8602@AS@Sid@AA=71004@ASnr@AA=1@ASml@AA=10000@ASip@AA=danmu.douyutv.com@ASport@AA=8602@AS@Sid@AA=70001@ASnr@AA=1@ASml@AA=10000@ASip@AA=danmu.douyutv.com@ASport@AA=8601@AS@Sid@AA=71704@ASnr@AA=1@ASml@AA=10000@ASip@AA=danmu.douyutv.com@ASport@AA=8602@AS@Sid@AA=70008@ASnr@AA=1@ASml@AA=10000@ASip@AA=danmu.douyutv.com@ASport@AA=8602@AS@Sid@AA=71604@ASnr@AA=1@ASml@AA=10000@ASip@AA=danmu.douyutv.com@ASport@AA=8602@AS@Sid@AA=70703@ASnr@AA=1@ASml@AA=10000@ASip@AA=danmu.douyutv.com@ASport@AA=8601@AS@Sid@AA=70604@ASnr@AA=1@ASml@AA=10000@ASip@AA=danmu.douyutv.com@ASport@AA=8602@AS@Sid@AA=71203@ASnr@AA=1@ASml@AA=10000@ASip@AA=danmu.douyutv.com@ASport@AA=8601@AS@Sid@AA=70302@ASnr@AA=1@ASml@AA=10000@ASip@AA=danmu.douyutv.com@ASport@AA=12602@AS@Sid@AA=70003@ASnr@AA=1@ASml@AA=10000@ASip@AA=danmu.douyutv.com@ASport@AA=8601@AS@Sid@AA=71202@ASnr@AA=1@ASml@AA=10000@ASip@AA=danmu.douyutv.com@ASport@AA=12602@AS@Sid@AA=70301@ASnr@AA=1@ASml@AA=10000@ASip@AA=danmu.douyutv.com@ASport@AA=12601@AS@Sid@AA=71603@ASnr@AA=1@ASml@AA=10000@ASip@AA=danmu.douyutv.com@ASport@AA=8601@AS@Sid@AA=70702@ASnr@AA=1@ASml@AA=10000@ASip@AA=danmu.douyutv.com@ASport@AA=12602@AS@Sid@AA=71602@ASnr@AA=1@ASml@AA=10000@ASip@AA=danmu.douyutv.com@ASport@AA=12602@AS@Sid@AA=70701@ASnr@AA=1@ASml@AA=10000@ASip@AA=danmu.douyutv.com@ASport@AA=12601@AS@Sid@AA=70601@ASnr@AA=1@ASml@AA=10000@ASip@AA=danmu.douyutv.com@ASport@AA=12601@AS@Sid@AA=71502@ASnr@AA=1@ASml@AA=10000@ASip@AA=danmu.douyutv.com@ASport@AA=12602@AS@Sid@AA=71504@ASnr@AA=1@ASml@AA=10000@ASip@AA=danmu.douyutv.com@ASport@AA=8602@AS@Sid@AA=70603@ASnr@AA=1@ASml@AA=10000@ASip@AA=danmu.douyutv.com@ASport@AA=8601@AS@Sid@AA=71002@ASnr@AA=1@ASml@AA=10000@ASip@AA=danmu.douyutv.com@ASport@AA=12602@AS@Sid@AA=70101@ASnr@AA=1@ASml@AA=10000@ASip@AA=danmu.douyutv.com@ASport@AA=12601@AS@Sid@AA=70082@ASnr@AA=1@ASml@AA=10000@ASip@AA=danmu.douyutv.com@ASport@AA=12602@AS@Sid@AA=70602@ASnr@AA=1@ASml@AA=10000@ASip@AA=danmu.douyutv.com@ASport@AA=12602@AS@Sid@AA=71503@ASnr@AA=1@ASml@AA=10000@ASip@AA=danmu.douyutv.com@ASport@AA=8601@AS@Sid@AA=70704@ASnr@AA=1@ASml@AA=10000@ASip@AA=danmu.douyutv.com@ASport@AA=8602@AS@Sid@AA=70083@ASnr@AA=1@ASml@AA=10000@ASip@AA=danmu.douyutv.com@ASport@AA=8601@AS@Sid@AA=70102@ASnr@AA=1@ASml@AA=10000@ASip@AA=danmu.douyutv.com@ASport@AA=12602@AS@Sid@AA=71003@ASnr@AA=1@ASml@AA=10000@ASip@AA=danmu.douyutv.com@ASport@AA=8601@AS@Sid@AA=71204@ASnr@AA=1@ASml@AA=10000@ASip@AA=danmu.douyutv.com@ASport@AA=8602@AS@Sid@AA=71501@ASnr@AA=1@ASml@AA=10000@ASip@AA=danmu.douyutv.com@ASport@AA=12601@AS@Sid@AA=71201@ASnr@AA=1@ASml@AA=10000@ASip@AA=danmu.douyutv.com@ASport@AA=12601@AS@S/
2014-12-19 16:45:24 INFO LoginMinaHandler:69 - LoginServer:type@=setmsggroup/rid@=86410/gid@=0/
2014-12-19 16:45:24 INFO LoginMinaHandler:102 - 获取的登录用户名为: visitor1595057
2014-12-19 16:45:24 INFO LoginMinaHandler:105 - 登陆的病床编号为: 86410 床
2014-12-19 16:45:24 INFO LoginMinaHandler:108 - 加入的讨论群组为: 0 组
2014-12-19 16:45:24 INFO ContentMinaThread:40 - 随机选择弹幕服务器 danmu.douyutv.com:8601
2014-12-19 16:45:25 INFO LoginMinaHandler:69 - LoginServer:type@=scl/cd@=0/maxl@=30/
2014-12-19 16:45:25 INFO LoginMinaHandler:69 - LoginServer:type@=keeplive/tick@=21/uc@=6956/
2014-12-19 16:45:25 INFO LoginMinaHandler:69 - LoginServer:type@=rsm/rid@=19/gid@=0/t@=2/bt@=1418702342/vt@=0/c@=现在，斗鱼TV开启国际手机号绑定功能啦，海外用户再也不用为发不了弹幕而苦恼了。斗鱼制作了简易教程，让在海外用户轻松完成绑定。点击即可查看/url@=http:@S@Swww.douyutv.com@Scms@Sgong@S201411@S28@S415.shtml/
2014-12-19 16:45:27 INFO ContentMinaHandler:90 - 接收到弹幕消息	阿尔杰罗本 : 维迪奇要上6了
2014-12-19 16:47:15 INFO LoginMinaThread:46 - 随机选择登陆服务器 182.18.47.51:8013
2014-12-19 16:47:15 INFO LoginMinaHandler:69 - LoginServer:type@=loginres/userid@=1305060820/roomgroup@=0/pg@=0/sessionid@=486598116/username@=visitor4980820/nickname@=visitor4980820/is_signined@=0/signin_count@=0/s@=1418978836/live_stat@=1/npv@=0/
2014-12-19 16:47:19 INFO LoginMinaHandler:69 - LoginServer:type@=msgrepeaterlist/rid@=86202/list@=id@AA=70501@ASnr@AA=1@ASml@AA=10000@ASip@AA=danmu.douyutv.com@ASport@AA=12601@AS@Sid@AA=70502@ASnr@AA=1@ASml@AA=10000@ASip@AA=danmu.douyutv.com@ASport@AA=12602@AS@Sid@AA=70504@ASnr@AA=1@ASml@AA=10000@ASip@AA=danmu.douyutv.com@ASport@AA=8602@AS@Sid@AA=71304@ASnr@AA=1@ASml@AA=10000@ASip@AA=danmu.douyutv.com@ASport@AA=8602@AS@Sid@AA=70503@ASnr@AA=1@ASml@AA=10000@ASip@AA=danmu.douyutv.com@ASport@AA=8601@AS@Sid@AA=70004@ASnr@AA=1@ASml@AA=10000@ASip@AA=danmu.douyutv.com@ASport@AA=8602@AS@Sid@AA=71303@ASnr@AA=1@ASml@AA=10000@ASip@AA=danmu.douyutv.com@ASport@AA=8601@AS@Sid@AA=70084@ASnr@AA=1@ASml@AA=10000@ASip@AA=danmu.douyutv.com@ASport@AA=8602@AS@Sid@AA=71701@ASnr@AA=1@ASml@AA=10000@ASip@AA=danmu.douyutv.com@ASport@AA=12601@AS@Sid@AA=71702@ASnr@AA=1@ASml@AA=10000@ASip@AA=danmu.douyutv.com@ASport@AA=12602@AS@Sid@AA=70202@ASnr@AA=1@ASml@AA=10000@ASip@AA=danmu.douyutv.com@ASport@AA=12602@AS@Sid@AA=70201@ASnr@AA=1@ASml@AA=10000@ASip@AA=danmu.douyutv.com@ASport@AA=12601@AS@Sid@AA=70003@ASnr@AA=1@ASml@AA=10000@ASip@AA=danmu.douyutv.com@ASport@AA=8601@AS@Sid@AA=70081@ASnr@AA=1@ASml@AA=10000@ASip@AA=danmu.douyutv.com@ASport@AA=12601@AS@Sid@AA=71601@ASnr@AA=1@ASml@AA=10000@ASip@AA=danmu.douyutv.com@ASport@AA=12601@AS@Sid@AA=71703@ASnr@AA=1@ASml@AA=10000@ASip@AA=danmu.douyutv.com@ASport@AA=8601@AS@Sid@AA=70007@ASnr@AA=1@ASml@AA=10000@ASip@AA=danmu.douyutv.com@ASport@AA=8601@AS@Sid@AA=71001@ASnr@AA=1@ASml@AA=10000@ASip@AA=danmu.douyutv.com@ASport@AA=12601@AS@Sid@AA=70002@ASnr@AA=1@ASml@AA=10000@ASip@AA=danmu.douyutv.com@ASport@AA=8602@AS@Sid@AA=71004@ASnr@AA=1@ASml@AA=10000@ASip@AA=danmu.douyutv.com@ASport@AA=8602@AS@Sid@AA=70001@ASnr@AA=1@ASml@AA=10000@ASip@AA=danmu.douyutv.com@ASport@AA=8601@AS@Sid@AA=71704@ASnr@AA=1@ASml@AA=10000@ASip@AA=danmu.douyutv.com@ASport@AA=8602@AS@Sid@AA=70008@ASnr@AA=1@ASml@AA=10000@ASip@AA=danmu.douyutv.com@ASport@AA=8602@AS@Sid@AA=71604@ASnr@AA=1@ASml@AA=10000@ASip@AA=danmu.douyutv.com@ASport@AA=8602@AS@Sid@AA=70703@ASnr@AA=1@ASml@AA=10000@ASip@AA=danmu.douyutv.com@ASport@AA=8601@AS@Sid@AA=71203@ASnr@AA=1@ASml@AA=10000@ASip@AA=danmu.douyutv.com@ASport@AA=8601@AS@Sid@AA=70302@ASnr@AA=1@ASml@AA=10000@ASip@AA=danmu.douyutv.com@ASport@AA=12602@AS@Sid@AA=70604@ASnr@AA=1@ASml@AA=10000@ASip@AA=danmu.douyutv.com@ASport@AA=8602@AS@Sid@AA=71202@ASnr@AA=1@ASml@AA=10000@ASip@AA=danmu.douyutv.com@ASport@AA=12602@AS@Sid@AA=70301@ASnr@AA=1@ASml@AA=10000@ASip@AA=danmu.douyutv.com@ASport@AA=12601@AS@Sid@AA=71603@ASnr@AA=1@ASml@AA=10000@ASip@AA=danmu.douyutv.com@ASport@AA=8601@AS@Sid@AA=70702@ASnr@AA=1@ASml@AA=10000@ASip@AA=danmu.douyutv.com@ASport@AA=12602@AS@Sid@AA=70701@ASnr@AA=1@ASml@AA=10000@ASip@AA=danmu.douyutv.com@ASport@AA=12601@AS@Sid@AA=71602@ASnr@AA=1@ASml@AA=10000@ASip@AA=danmu.douyutv.com@ASport@AA=12602@AS@Sid@AA=71002@ASnr@AA=1@ASml@AA=10000@ASip@AA=danmu.douyutv.com@ASport@AA=12602@AS@Sid@AA=70101@ASnr@AA=1@ASml@AA=10000@ASip@AA=danmu.douyutv.com@ASport@AA=12601@AS@Sid@AA=71504@ASnr@AA=1@ASml@AA=10000@ASip@AA=danmu.douyutv.com@ASport@AA=8602@AS@Sid@AA=70603@ASnr@AA=1@ASml@AA=10000@ASip@AA=danmu.douyutv.com@ASport@AA=8601@AS@Sid@AA=70601@ASnr@AA=1@ASml@AA=10000@ASip@AA=danmu.douyutv.com@ASport@AA=12601@AS@Sid@AA=71502@ASnr@AA=1@ASml@AA=10000@ASip@AA=danmu.douyutv.com@ASport@AA=12602@AS@Sid@AA=70602@ASnr@AA=1@ASml@AA=10000@ASip@AA=danmu.douyutv.com@ASport@AA=12602@AS@Sid@AA=71503@ASnr@AA=1@ASml@AA=10000@ASip@AA=danmu.douyutv.com@ASport@AA=8601@AS@Sid@AA=70102@ASnr@AA=1@ASml@AA=10000@ASip@AA=danmu.douyutv.com@ASport@AA=12602@AS@Sid@AA=71003@ASnr@AA=1@ASml@AA=10000@ASip@AA=danmu.douyutv.com@ASport@AA=8601@AS@Sid@AA=71204@ASnr@AA=1@ASml@AA=10000@ASip@AA=danmu.douyutv.com@ASport@AA=8602@AS@Sid@AA=70083@ASnr@AA=1@ASml@AA=10000@ASip@AA=danmu.douyutv.com@ASport@AA=8601@AS@Sid@AA=71201@ASnr@AA=1@ASml@AA=10000@ASip@AA=danmu.douyutv.com@ASport@AA=12601@AS@Sid@AA=70704@ASnr@AA=1@ASml@AA=10000@ASip@AA=danmu.douyutv.com@ASport@AA=8602@AS@Sid@AA=71501@ASnr@AA=1@ASml@AA=10000@ASip@AA=danmu.douyutv.com@ASport@AA=12601@AS@Sid@AA=71301@ASnr@AA=1@ASml@AA=10000@ASip@AA=danmu.douyutv.com@ASport@AA=12601@AS@Sid@AA=70082@ASnr@AA=1@ASml@AA=10000@ASip@AA=danmu.douyutv.com@ASport@AA=12602@AS@S/
2014-12-19 16:47:19 INFO LoginMinaHandler:69 - LoginServer:type@=setmsggroup/rid@=86202/gid@=0/
2014-12-19 16:47:19 INFO LoginMinaHandler:102 - 获取的登录用户名为: visitor4980820
2014-12-19 16:47:19 INFO LoginMinaHandler:105 - 登陆的病床编号为: 86202 床
2014-12-19 16:47:19 INFO LoginMinaHandler:108 - 加入的讨论群组为: 0 组
2014-12-19 16:47:20 INFO ContentMinaThread:40 - 随机选择弹幕服务器 danmu.douyutv.com:12602
2014-12-19 16:47:21 INFO LoginMinaHandler:69 - LoginServer:type@=scl/cd@=0/maxl@=50/
2014-12-19 16:47:21 INFO LoginMinaHandler:69 - LoginServer:type@=keeplive/tick@=36/uc@=1554/
2014-12-19 16:47:21 INFO LoginMinaHandler:69 - LoginServer:type@=rsm/rid@=59/gid@=0/t@=2/bt@=1418702342/vt@=0/c@=现在，斗鱼TV开启国际手机号绑定功能啦，海外用户再也不用为发不了弹幕而苦恼了。斗鱼制作了简易教程，让在海外用户轻松完成绑定。点击即可查看/url@=http:@S@Swww.douyutv.com@Scms@Sgong@S201411@S28@S415.shtml/
2014-12-19 16:49:53 INFO LoginMinaThread:46 - 随机选择登陆服务器 182.18.47.10:8006
2014-12-19 16:49:56 INFO LoginMinaHandler:69 - LoginServer:type@=loginres/userid@=1305061587/roomgroup@=0/pg@=0/sessionid@=377498626/username@=visitor4981587/nickname@=visitor4981587/is_signined@=0/signin_count@=0/s@=1418978997/live_stat@=1/npv@=0/
2014-12-19 16:50:00 INFO LoginMinaHandler:69 - LoginServer:type@=msgrepeaterlist/rid@=104012/list@=id@AA=70501@ASnr@AA=1@ASml@AA=10000@ASip@AA=danmu.douyutv.com@ASport@AA=12601@AS@Sid@AA=70504@ASnr@AA=1@ASml@AA=10000@ASip@AA=danmu.douyutv.com@ASport@AA=8602@AS@Sid@AA=70502@ASnr@AA=1@ASml@AA=10000@ASip@AA=danmu.douyutv.com@ASport@AA=12602@AS@Sid@AA=70503@ASnr@AA=1@ASml@AA=10000@ASip@AA=danmu.douyutv.com@ASport@AA=8601@AS@Sid@AA=70004@ASnr@AA=1@ASml@AA=10000@ASip@AA=danmu.douyutv.com@ASport@AA=8602@AS@Sid@AA=71303@ASnr@AA=1@ASml@AA=10000@ASip@AA=danmu.douyutv.com@ASport@AA=8601@AS@Sid@AA=70084@ASnr@AA=1@ASml@AA=10000@ASip@AA=danmu.douyutv.com@ASport@AA=8602@AS@Sid@AA=71701@ASnr@AA=1@ASml@AA=10000@ASip@AA=danmu.douyutv.com@ASport@AA=12601@AS@Sid@AA=71702@ASnr@AA=1@ASml@AA=10000@ASip@AA=danmu.douyutv.com@ASport@AA=12602@AS@Sid@AA=70202@ASnr@AA=1@ASml@AA=10000@ASip@AA=danmu.douyutv.com@ASport@AA=12602@AS@Sid@AA=70201@ASnr@AA=1@ASml@AA=10000@ASip@AA=danmu.douyutv.com@ASport@AA=12601@AS@Sid@AA=70003@ASnr@AA=1@ASml@AA=10000@ASip@AA=danmu.douyutv.com@ASport@AA=8601@AS@Sid@AA=70081@ASnr@AA=1@ASml@AA=10000@ASip@AA=danmu.douyutv.com@ASport@AA=12601@AS@Sid@AA=71601@ASnr@AA=1@ASml@AA=10000@ASip@AA=danmu.douyutv.com@ASport@AA=12601@AS@Sid@AA=71703@ASnr@AA=1@ASml@AA=10000@ASip@AA=danmu.douyutv.com@ASport@AA=8601@AS@Sid@AA=70007@ASnr@AA=1@ASml@AA=10000@ASip@AA=danmu.douyutv.com@ASport@AA=8601@AS@Sid@AA=71001@ASnr@AA=1@ASml@AA=10000@ASip@AA=danmu.douyutv.com@ASport@AA=12601@AS@Sid@AA=70002@ASnr@AA=1@ASml@AA=10000@ASip@AA=danmu.douyutv.com@ASport@AA=8602@AS@Sid@AA=71004@ASnr@AA=1@ASml@AA=10000@ASip@AA=danmu.douyutv.com@ASport@AA=8602@AS@Sid@AA=70001@ASnr@AA=1@ASml@AA=10000@ASip@AA=danmu.douyutv.com@ASport@AA=8601@AS@Sid@AA=71704@ASnr@AA=1@ASml@AA=10000@ASip@AA=danmu.douyutv.com@ASport@AA=8602@AS@Sid@AA=70008@ASnr@AA=1@ASml@AA=10000@ASip@AA=danmu.douyutv.com@ASport@AA=8602@AS@Sid@AA=71604@ASnr@AA=1@ASml@AA=10000@ASip@AA=danmu.douyutv.com@ASport@AA=8602@AS@Sid@AA=70703@ASnr@AA=1@ASml@AA=10000@ASip@AA=danmu.douyutv.com@ASport@AA=8601@AS@Sid@AA=71203@ASnr@AA=1@ASml@AA=10000@ASip@AA=danmu.douyutv.com@ASport@AA=8601@AS@Sid@AA=70302@ASnr@AA=1@ASml@AA=10000@ASip@AA=danmu.douyutv.com@ASport@AA=12602@AS@Sid@AA=70604@ASnr@AA=1@ASml@AA=10000@ASip@AA=danmu.douyutv.com@ASport@AA=8602@AS@Sid@AA=71202@ASnr@AA=1@ASml@AA=10000@ASip@AA=danmu.douyutv.com@ASport@AA=12602@AS@Sid@AA=70301@ASnr@AA=1@ASml@AA=10000@ASip@AA=danmu.douyutv.com@ASport@AA=12601@AS@Sid@AA=71603@ASnr@AA=1@ASml@AA=10000@ASip@AA=danmu.douyutv.com@ASport@AA=8601@AS@Sid@AA=70702@ASnr@AA=1@ASml@AA=10000@ASip@AA=danmu.douyutv.com@ASport@AA=12602@AS@Sid@AA=70701@ASnr@AA=1@ASml@AA=10000@ASip@AA=danmu.douyutv.com@ASport@AA=12601@AS@Sid@AA=71602@ASnr@AA=1@ASml@AA=10000@ASip@AA=danmu.douyutv.com@ASport@AA=12602@AS@Sid@AA=71002@ASnr@AA=1@ASml@AA=10000@ASip@AA=danmu.douyutv.com@ASport@AA=12602@AS@Sid@AA=70101@ASnr@AA=1@ASml@AA=10000@ASip@AA=danmu.douyutv.com@ASport@AA=12601@AS@Sid@AA=71504@ASnr@AA=1@ASml@AA=10000@ASip@AA=danmu.douyutv.com@ASport@AA=8602@AS@Sid@AA=70603@ASnr@AA=1@ASml@AA=10000@ASip@AA=danmu.douyutv.com@ASport@AA=8601@AS@Sid@AA=70601@ASnr@AA=1@ASml@AA=10000@ASip@AA=danmu.douyutv.com@ASport@AA=12601@AS@Sid@AA=71502@ASnr@AA=1@ASml@AA=10000@ASip@AA=danmu.douyutv.com@ASport@AA=12602@AS@Sid@AA=70602@ASnr@AA=1@ASml@AA=10000@ASip@AA=danmu.douyutv.com@ASport@AA=12602@AS@Sid@AA=71503@ASnr@AA=1@ASml@AA=10000@ASip@AA=danmu.douyutv.com@ASport@AA=8601@AS@Sid@AA=70102@ASnr@AA=1@ASml@AA=10000@ASip@AA=danmu.douyutv.com@ASport@AA=12602@AS@Sid@AA=71003@ASnr@AA=1@ASml@AA=10000@ASip@AA=danmu.douyutv.com@ASport@AA=8601@AS@Sid@AA=71204@ASnr@AA=1@ASml@AA=10000@ASip@AA=danmu.douyutv.com@ASport@AA=8602@AS@Sid@AA=70083@ASnr@AA=1@ASml@AA=10000@ASip@AA=danmu.douyutv.com@ASport@AA=8601@AS@Sid@AA=71201@ASnr@AA=1@ASml@AA=10000@ASip@AA=danmu.douyutv.com@ASport@AA=12601@AS@Sid@AA=70704@ASnr@AA=1@ASml@AA=10000@ASip@AA=danmu.douyutv.com@ASport@AA=8602@AS@Sid@AA=71501@ASnr@AA=1@ASml@AA=10000@ASip@AA=danmu.douyutv.com@ASport@AA=12601@AS@Sid@AA=71301@ASnr@AA=1@ASml@AA=10000@ASip@AA=danmu.douyutv.com@ASport@AA=12601@AS@Sid@AA=70082@ASnr@AA=1@ASml@AA=10000@ASip@AA=danmu.douyutv.com@ASport@AA=12602@AS@S/
2014-12-19 16:50:00 INFO LoginMinaHandler:69 - LoginServer:type@=setmsggroup/rid@=104012/gid@=0/
2014-12-19 16:50:00 INFO LoginMinaHandler:102 - 获取的登录用户名为: visitor4981587
2014-12-19 16:50:00 INFO LoginMinaHandler:105 - 登陆的病床编号为: 104012 床
2014-12-19 16:50:00 INFO LoginMinaHandler:108 - 加入的讨论群组为: 0 组
2014-12-19 16:50:00 INFO ContentMinaThread:40 - 随机选择弹幕服务器 danmu.douyutv.com:8602
2014-12-19 16:50:01 INFO LoginMinaHandler:69 - LoginServer:type@=scl/cd@=0/maxl@=50/
2014-12-19 16:50:01 INFO LoginMinaHandler:69 - LoginServer:type@=keeplive/tick@=97/uc@=3/
2014-12-19 16:50:01 INFO LoginMinaHandler:69 - LoginServer:type@=rsm/rid@=-928300464/gid@=32672/t@=2/bt@=1418702342/vt@=0/c@=现在，斗鱼TV开启国际手机号绑定功能啦，海外用户再也不用为发不了弹幕而苦恼了。斗鱼制作了简易教程，让在海外用户轻松完成绑定。点击即可查看/url@=http:@S@Swww.douyutv.com@Scms@Sgong@S201411@S28@S415.shtml/
2014-12-19 16:50:42 INFO LoginMinaHandler:69 - LoginServer:type@=keeplive/tick@=42/uc@=4/
2014-12-19 16:51:27 INFO LoginMinaHandler:69 - LoginServer:type@=keeplive/tick@=87/uc@=5/
2014-12-19 16:52:12 INFO LoginMinaHandler:69 - LoginServer:type@=keeplive/tick@=32/uc@=7/
2014-12-19 16:52:57 INFO LoginMinaHandler:69 - LoginServer:type@=keeplive/tick@=77/uc@=7/
2014-12-19 16:53:42 INFO LoginMinaHandler:69 - LoginServer:type@=keeplive/tick@=22/uc@=6/
2014-12-19 16:54:27 INFO LoginMinaHandler:69 - LoginServer:type@=keeplive/tick@=67/uc@=7/
2014-12-19 16:55:12 INFO LoginMinaHandler:69 - LoginServer:type@=keeplive/tick@=12/uc@=9/
2014-12-19 16:55:57 INFO LoginMinaHandler:69 - LoginServer:type@=keeplive/tick@=57/uc@=9/
2014-12-19 16:56:42 INFO LoginMinaHandler:69 - LoginServer:type@=keeplive/tick@=2/uc@=10/
2014-12-19 16:57:27 INFO LoginMinaHandler:69 - LoginServer:type@=keeplive/tick@=47/uc@=8/
2014-12-19 16:58:12 INFO LoginMinaHandler:69 - LoginServer:type@=keeplive/tick@=92/uc@=8/
2014-12-19 16:58:57 INFO LoginMinaHandler:69 - LoginServer:type@=keeplive/tick@=37/uc@=9/
2014-12-19 16:59:42 INFO LoginMinaHandler:69 - LoginServer:type@=keeplive/tick@=82/uc@=10/
2014-12-19 17:00:27 INFO LoginMinaHandler:69 - LoginServer:type@=keeplive/tick@=27/uc@=9/
2014-12-19 17:01:12 INFO LoginMinaHandler:69 - LoginServer:type@=keeplive/tick@=72/uc@=8/
2014-12-19 17:01:57 INFO LoginMinaHandler:69 - LoginServer:type@=keeplive/tick@=17/uc@=7/
2014-12-19 17:02:42 INFO LoginMinaHandler:69 - LoginServer:type@=keeplive/tick@=62/uc@=7/
2014-12-19 17:03:27 INFO LoginMinaHandler:69 - LoginServer:type@=keeplive/tick@=7/uc@=8/
2014-12-19 17:04:12 INFO LoginMinaHandler:69 - LoginServer:type@=keeplive/tick@=52/uc@=9/
2014-12-19 17:04:57 INFO LoginMinaHandler:69 - LoginServer:type@=keeplive/tick@=97/uc@=10/
2014-12-19 17:05:42 INFO LoginMinaHandler:69 - LoginServer:type@=keeplive/tick@=42/uc@=12/
2014-12-19 17:06:27 INFO LoginMinaHandler:69 - LoginServer:type@=keeplive/tick@=87/uc@=16/
2014-12-19 17:07:12 INFO LoginMinaHandler:69 - LoginServer:type@=keeplive/tick@=32/uc@=15/
2014-12-19 17:07:57 INFO LoginMinaHandler:69 - LoginServer:type@=keeplive/tick@=77/uc@=16/
2014-12-19 17:08:42 INFO LoginMinaHandler:69 - LoginServer:type@=keeplive/tick@=22/uc@=15/
2014-12-19 17:09:27 INFO LoginMinaHandler:69 - LoginServer:type@=keeplive/tick@=67/uc@=15/
2014-12-19 17:10:12 INFO LoginMinaHandler:69 - LoginServer:type@=keeplive/tick@=12/uc@=12/
2014-12-19 17:10:57 INFO LoginMinaHandler:69 - LoginServer:type@=keeplive/tick@=57/uc@=15/
2014-12-19 17:11:42 INFO LoginMinaHandler:69 - LoginServer:type@=keeplive/tick@=2/uc@=15/
2014-12-19 17:12:27 INFO LoginMinaHandler:69 - LoginServer:type@=keeplive/tick@=47/uc@=15/
2014-12-19 17:13:12 INFO LoginMinaHandler:69 - LoginServer:type@=keeplive/tick@=92/uc@=18/
2014-12-19 17:13:57 INFO LoginMinaHandler:69 - LoginServer:type@=keeplive/tick@=37/uc@=25/
2014-12-19 17:14:42 INFO LoginMinaHandler:69 - LoginServer:type@=keeplive/tick@=82/uc@=27/
2014-12-19 17:15:27 INFO LoginMinaHandler:69 - LoginServer:type@=keeplive/tick@=27/uc@=41/
2014-12-19 17:16:12 INFO LoginMinaHandler:69 - LoginServer:type@=keeplive/tick@=72/uc@=53/
2014-12-19 17:16:57 INFO LoginMinaHandler:69 - LoginServer:type@=keeplive/tick@=17/uc@=39/
2014-12-19 17:17:42 INFO LoginMinaHandler:69 - LoginServer:type@=keeplive/tick@=62/uc@=43/
2014-12-19 17:18:27 INFO LoginMinaHandler:69 - LoginServer:type@=keeplive/tick@=7/uc@=60/
2014-12-19 17:19:12 INFO LoginMinaHandler:69 - LoginServer:type@=keeplive/tick@=52/uc@=73/
2014-12-19 17:19:57 INFO LoginMinaHandler:69 - LoginServer:type@=keeplive/tick@=97/uc@=50/
2014-12-19 17:20:42 INFO LoginMinaHandler:69 - LoginServer:type@=keeplive/tick@=42/uc@=59/
2014-12-19 17:21:27 INFO LoginMinaHandler:69 - LoginServer:type@=keeplive/tick@=87/uc@=47/
2014-12-19 17:22:12 INFO LoginMinaHandler:69 - LoginServer:type@=keeplive/tick@=32/uc@=50/
2014-12-19 17:22:57 INFO LoginMinaHandler:69 - LoginServer:type@=keeplive/tick@=77/uc@=39/
2014-12-19 17:23:42 INFO LoginMinaHandler:69 - LoginServer:type@=keeplive/tick@=22/uc@=52/
2014-12-19 17:24:27 INFO LoginMinaHandler:69 - LoginServer:type@=keeplive/tick@=67/uc@=47/
2014-12-19 17:25:12 INFO LoginMinaHandler:69 - LoginServer:type@=keeplive/tick@=12/uc@=55/
2014-12-19 17:25:57 INFO LoginMinaHandler:69 - LoginServer:type@=keeplive/tick@=57/uc@=42/
2014-12-19 17:26:42 INFO LoginMinaHandler:69 - LoginServer:type@=keeplive/tick@=2/uc@=37/
2014-12-19 17:27:27 INFO LoginMinaHandler:69 - LoginServer:type@=keeplive/tick@=47/uc@=29/
2014-12-19 17:28:12 INFO LoginMinaHandler:69 - LoginServer:type@=keeplive/tick@=92/uc@=20/
2014-12-19 17:28:57 INFO LoginMinaHandler:69 - LoginServer:type@=keeplive/tick@=37/uc@=20/
2014-12-19 17:29:42 INFO LoginMinaHandler:69 - LoginServer:type@=keeplive/tick@=82/uc@=20/
2014-12-19 17:30:27 INFO LoginMinaHandler:69 - LoginServer:type@=keeplive/tick@=27/uc@=31/
2014-12-19 17:31:12 INFO LoginMinaHandler:69 - LoginServer:type@=keeplive/tick@=72/uc@=19/
2014-12-19 17:31:57 INFO LoginMinaHandler:69 - LoginServer:type@=keeplive/tick@=17/uc@=19/
2014-12-19 17:32:42 INFO LoginMinaHandler:69 - LoginServer:type@=keeplive/tick@=62/uc@=17/
2014-12-19 17:33:27 INFO LoginMinaHandler:69 - LoginServer:type@=keeplive/tick@=7/uc@=16/
2014-12-19 17:34:12 INFO LoginMinaHandler:69 - LoginServer:type@=keeplive/tick@=52/uc@=17/
2014-12-19 17:34:57 INFO LoginMinaHandler:69 - LoginServer:type@=keeplive/tick@=97/uc@=15/
2014-12-19 17:35:42 INFO LoginMinaHandler:69 - LoginServer:type@=keeplive/tick@=42/uc@=16/
2014-12-19 17:36:27 INFO LoginMinaHandler:69 - LoginServer:type@=keeplive/tick@=87/uc@=15/
2014-12-19 17:37:12 INFO LoginMinaHandler:69 - LoginServer:type@=keeplive/tick@=32/uc@=15/
2014-12-19 17:37:57 INFO LoginMinaHandler:69 - LoginServer:type@=keeplive/tick@=77/uc@=15/
2014-12-19 17:38:42 INFO LoginMinaHandler:69 - LoginServer:type@=keeplive/tick@=22/uc@=12/
2014-12-19 17:39:27 INFO LoginMinaHandler:69 - LoginServer:type@=keeplive/tick@=67/uc@=12/
2014-12-19 17:40:12 INFO LoginMinaHandler:69 - LoginServer:type@=keeplive/tick@=12/uc@=12/
2014-12-19 17:40:57 INFO LoginMinaHandler:69 - LoginServer:type@=keeplive/tick@=57/uc@=12/
2014-12-19 17:41:42 INFO LoginMinaHandler:69 - LoginServer:type@=keeplive/tick@=2/uc@=13/
2014-12-19 17:42:27 INFO LoginMinaHandler:69 - LoginServer:type@=keeplive/tick@=47/uc@=15/
2014-12-19 17:43:12 INFO LoginMinaHandler:69 - LoginServer:type@=keeplive/tick@=92/uc@=16/
2014-12-19 17:43:57 INFO LoginMinaHandler:69 - LoginServer:type@=keeplive/tick@=37/uc@=15/
2014-12-19 17:44:42 INFO LoginMinaHandler:69 - LoginServer:type@=keeplive/tick@=82/uc@=18/
2014-12-19 17:45:27 INFO LoginMinaHandler:69 - LoginServer:type@=keeplive/tick@=27/uc@=32/
2014-12-19 17:46:12 INFO LoginMinaHandler:69 - LoginServer:type@=keeplive/tick@=72/uc@=67/
2014-12-19 17:46:57 INFO LoginMinaHandler:69 - LoginServer:type@=keeplive/tick@=17/uc@=62/
2014-12-19 17:47:42 INFO LoginMinaHandler:69 - LoginServer:type@=keeplive/tick@=62/uc@=67/
2014-12-19 17:48:27 INFO LoginMinaHandler:69 - LoginServer:type@=keeplive/tick@=7/uc@=79/
2014-12-19 17:49:12 INFO LoginMinaHandler:69 - LoginServer:type@=keeplive/tick@=52/uc@=78/
2014-12-19 17:49:57 INFO LoginMinaHandler:69 - LoginServer:type@=keeplive/tick@=97/uc@=90/
2014-12-19 17:50:42 INFO LoginMinaHandler:69 - LoginServer:type@=keeplive/tick@=42/uc@=86/
2014-12-19 17:51:27 INFO LoginMinaHandler:69 - LoginServer:type@=keeplive/tick@=87/uc@=95/
2014-12-19 17:52:12 INFO LoginMinaHandler:69 - LoginServer:type@=keeplive/tick@=32/uc@=68/
2014-12-19 17:52:57 INFO LoginMinaHandler:69 - LoginServer:type@=keeplive/tick@=77/uc@=89/
2014-12-19 17:53:42 INFO LoginMinaHandler:69 - LoginServer:type@=keeplive/tick@=22/uc@=85/
2014-12-19 17:54:27 INFO LoginMinaHandler:69 - LoginServer:type@=keeplive/tick@=67/uc@=85/
2014-12-19 17:55:12 INFO LoginMinaHandler:69 - LoginServer:type@=keeplive/tick@=12/uc@=88/
2014-12-19 17:55:57 INFO LoginMinaHandler:69 - LoginServer:type@=keeplive/tick@=57/uc@=86/
2014-12-19 17:56:42 INFO LoginMinaHandler:69 - LoginServer:type@=keeplive/tick@=2/uc@=69/
2014-12-19 17:57:27 INFO LoginMinaHandler:69 - LoginServer:type@=keeplive/tick@=47/uc@=73/
2014-12-19 17:58:12 INFO LoginMinaHandler:69 - LoginServer:type@=keeplive/tick@=92/uc@=78/
