2014-10-25 08:24:40 INFO LoginMinaThread:45 - 随机选择登陆服务器 117.79.132.21:8031
2014-10-25 08:24:44 INFO LoginMinaHandler:98 - 获取的登录用户名为: Teemo
2014-10-25 08:24:44 INFO LoginMinaHandler:101 - 登陆的病床编号为: 19002 床
2014-10-25 08:24:44 INFO LoginMinaHandler:104 - 加入的讨论群组为: 46 组
2014-10-25 08:24:44 INFO ContentMinaThread:40 - 随机选择弹幕服务器 danmu.douyutv.com:8601
2014-10-25 08:24:46 INFO ContentMinaHandler:90 - 接收到弹幕消息	pineapplepie : = =
2014-10-25 08:24:46 INFO ContentMinaHandler:90 - 接收到弹幕消息	xzhj2002 : 一听就不是820。。。
2014-10-25 08:24:47 INFO ContentMinaHandler:90 - 接收到弹幕消息	世界树 : 买错了
2014-10-25 08:24:49 INFO ContentMinaHandler:90 - 接收到弹幕消息	布灵吉佩斯 : 多秋男
2014-10-25 08:24:50 INFO ContentMinaHandler:90 - 接收到弹幕消息	有什么比放弃更容易 : 最喜欢你们两个的解说    哈哈哈哈
2014-10-25 08:24:52 INFO ContentMinaHandler:90 - 接收到弹幕消息	烈酒brandy : 这声音怎么会是820。。
2014-10-25 08:24:52 INFO ContentMinaHandler:90 - 接收到弹幕消息	反控 : 远古时期有个字母战队  流行字母
2014-10-25 08:24:52 INFO ContentMinaHandler:90 - 接收到弹幕消息	大黑黑黑 : 冰眼阿陀斯
2014-10-25 08:24:54 INFO ContentMinaHandler:90 - 接收到弹幕消息	qq_sX8cMC : 应该是阿托斯
2014-10-25 08:24:57 INFO ContentMinaHandler:90 - 接收到弹幕消息	龚建的TI梦 : 哈哈哈112  是问我吗？
2014-10-25 08:24:57 INFO ContentMinaHandler:90 - 接收到弹幕消息	leeom : 羊刀
2014-10-25 08:24:57 INFO ContentMinaHandler:90 - 接收到弹幕消息	有神 : 羊
2014-10-25 08:24:58 INFO ContentMinaHandler:90 - 接收到弹幕消息	HELLO小光 : 到底是SYN和谁
2014-10-25 08:24:59 INFO ContentMinaHandler:90 - 接收到弹幕消息	a130403 : 反正不是大炮
2014-10-25 08:24:59 INFO ContentMinaHandler:90 - 接收到弹幕消息	mingjie923 : 球迷
2014-10-25 08:25:00 INFO ContentMinaHandler:90 - 接收到弹幕消息	q50892951 : 他是不是买错了
2014-10-25 08:25:02 INFO ContentMinaHandler:90 - 接收到弹幕消息	闪电比卡丘 : 活力球撑血，羊刀
2014-10-25 08:25:03 INFO ContentMinaHandler:90 - 接收到弹幕消息	xzhj2002 : 听过820声音吗？
2014-10-25 08:25:04 INFO ContentMinaHandler:90 - 接收到弹幕消息	mingjie923 : A啊
2014-10-25 08:25:06 INFO ContentMinaHandler:90 - 接收到弹幕消息	花重 : ...
2014-10-25 08:25:10 INFO ContentMinaHandler:90 - 接收到弹幕消息	bujunyi : 血精？也不对啊
2014-10-25 08:25:11 INFO ContentMinaHandler:90 - 接收到弹幕消息	烤小牛 : 果然羊刀。。
2014-10-25 08:25:16 INFO ContentMinaHandler:90 - 接收到弹幕消息	烟冢丨Faith : 每个男人都有两个球的
2014-10-25 08:25:16 INFO ContentMinaHandler:90 - 接收到弹幕消息	毛玉 : 活力球是做血精吗
2014-10-25 08:25:19 INFO ContentMinaHandler:90 - 接收到弹幕消息	哈哈哈112 : 820说话就是566566
2014-10-25 08:25:23 INFO ContentMinaHandler:90 - 接收到弹幕消息	long19755538 : 肯定不是820 是谁呢？
2014-10-25 08:25:24 INFO ContentMinaHandler:90 - 接收到弹幕消息	枫飘人间 : 欧美的NEC都是不出A的
2014-10-25 08:25:24 INFO ContentMinaHandler:90 - 接收到弹幕消息	花重 : 6666666666
2014-10-25 08:25:24 INFO ContentMinaHandler:90 - 接收到弹幕消息	红尘皆乱 : NEC他的守护指环什么时候找回来的
2014-10-25 08:25:25 INFO ContentMinaHandler:90 - 接收到弹幕消息	mingjie923 : 先A啊  这蠢比NEC
2014-10-25 08:25:27 INFO ContentMinaHandler:90 - 接收到弹幕消息	零墨 : 逗- -不是羊难道是冰眼么
2014-10-25 08:25:28 INFO ContentMinaHandler:90 - 接收到弹幕消息	一直猫 : 这是个有梦想的年轻人啊
2014-10-25 08:25:30 INFO ContentMinaHandler:90 - 接收到弹幕消息	龚建的TI梦 : 小飞机谢你带班
2014-10-25 08:25:36 INFO ContentMinaHandler:90 - 接收到弹幕消息	世界树 : 逛街蓝胖
2014-10-25 08:25:40 INFO ContentMinaHandler:90 - 接收到弹幕消息	丶百感交集 : 这个POM没有梦想
2014-10-25 08:25:56 INFO ContentMinaHandler:90 - 接收到弹幕消息	人奸大炮 : 这个pom只是迷失了方向
2014-10-25 08:25:57 INFO ContentMinaHandler:90 - 接收到弹幕消息	花重 : 95秒。。
2014-10-25 08:25:58 INFO ContentMinaHandler:90 - 接收到弹幕消息	xzhj2002 : 820昨晚OB开黑到凌晨。。
2014-10-25 08:26:00 INFO ContentMinaHandler:90 - 接收到弹幕消息	烈酒brandy : 820说话566，说话566不一定是82
2014-10-25 08:26:00 INFO ContentMinaHandler:90 - 接收到弹幕消息	1234_uKa : ....
2014-10-25 08:26:00 INFO ContentMinaHandler:90 - 接收到弹幕消息	烤小牛 : POM确实不需要梦想。。这个英雄同经济也
2014-10-25 08:26:01 INFO ContentMinaHandler:90 - 接收到弹幕消息	qq_sX8cMC : NICE
2014-10-25 08:26:09 INFO ContentMinaHandler:90 - 接收到弹幕消息	龚建的TI梦 : SDN 你爱小飞机吗？
2014-10-25 08:26:15 INFO ContentMinaHandler:90 - 接收到弹幕消息	18566471618 : 人家的NEC是要当坦克的  又不是靠大玩
2014-10-25 08:26:25 INFO ContentMinaHandler:90 - 接收到弹幕消息	a130403 : 潮汐玩的不错阿
2014-10-25 08:26:26 INFO ContentMinaHandler:90 - 接收到弹幕消息	qq_sX8cMC : 崩了
2014-10-25 08:26:28 INFO ContentMinaHandler:90 - 接收到弹幕消息	花重 : ......
2014-10-25 08:26:32 INFO ContentMinaHandler:90 - 接收到弹幕消息	人奸大炮 : 天怒好惨的大  一点伤害都没有
2014-10-25 08:26:35 INFO ContentMinaHandler:90 - 接收到弹幕消息	红尘皆乱 : 莱斯啊
2014-10-25 08:26:38 INFO ContentMinaHandler:90 - 接收到弹幕消息	crazyhallen : 这  情谊・・
2014-10-25 08:26:41 INFO ContentMinaHandler:90 - 接收到弹幕消息	有什么比放弃更容易 : 1分半  脚趾甲都要抠破了
2014-10-25 08:26:44 INFO ContentMinaHandler:90 - 接收到弹幕消息	az123az321 : 蓝胖把我看醉
2014-10-25 08:26:45 INFO ContentMinaHandler:90 - 接收到弹幕消息	三铯堇 : 近卫满血
2014-10-25 08:26:46 INFO ContentMinaHandler:90 - 接收到弹幕消息	yanve : 、蓝胖。、、、
2014-10-25 08:26:48 INFO ContentMinaHandler:90 - 接收到弹幕消息	霜之哀伤_vP7 : 这几个酱油在梦游吗？
2014-10-25 08:26:52 INFO ContentMinaHandler:90 - 接收到弹幕消息	mayuhangnb : 哈哈哈、
2014-10-25 08:26:54 INFO ContentMinaHandler:90 - 接收到弹幕消息	q50892951 : 蓝胖子好6啊
2014-10-25 08:26:55 INFO ContentMinaHandler:90 - 接收到弹幕消息	qq_xVnqEF : 有来有回变成殴打小朋友了
2014-10-25 08:26:59 INFO ContentMinaHandler:90 - 接收到弹幕消息	Watnut : 队友都被干了 蓝胖还在爆野
2014-10-25 08:26:59 INFO ContentMinaHandler:90 - 接收到弹幕消息	Aerojumper : 。。。。。。。。。
2014-10-25 08:27:01 INFO ContentMinaHandler:90 - 接收到弹幕消息	赫眼 : 没关系，反正回合制游戏
2014-10-25 08:27:01 INFO ContentMinaHandler:90 - 接收到弹幕消息	mingjie923 : nec续航太强
2014-10-25 08:27:05 INFO ContentMinaHandler:90 - 接收到弹幕消息	ts01154 : 蓝胖好流啊，打野飞起
2014-10-25 08:27:07 INFO ContentMinaHandler:90 - 接收到弹幕消息	zjj1314241 : 美洲果然是个大水池
2014-10-25 08:27:09 INFO ContentMinaHandler:90 - 接收到弹幕消息	人奸大炮 : 小心强行五五开  打你们俩的脸
2014-10-25 08:27:09 INFO ContentMinaHandler:90 - 接收到弹幕消息	Jadeer19xx : Root就是鱼队,不需要解释...
2014-10-25 08:27:12 INFO ContentMinaHandler:90 - 接收到弹幕消息	xzhj2002 : GG....
2014-10-25 08:27:12 INFO ContentMinaHandler:90 - 接收到弹幕消息	az123az321 : 美洲太鱼了 求组队
2014-10-25 08:27:15 INFO ContentMinaHandler:90 - 接收到弹幕消息	qq_xVnqEF : 卧槽，这回合制网游
2014-10-25 08:27:16 INFO ContentMinaHandler:90 - 接收到弹幕消息	淡墨青衫2010 : 打的嘛玩意，天梯3000分
2014-10-25 08:27:16 INFO ContentMinaHandler:90 - 接收到弹幕消息	快乐的肯尼 : 带盾送一波团灭 好伤
2014-10-25 08:27:18 INFO ContentMinaHandler:90 - 接收到弹幕消息	qq_sX8cMC : 这个NEC已经无敌了
2014-10-25 08:27:22 INFO ContentMinaHandler:90 - 接收到弹幕消息	mingjie923 : 不能和NEC拼续航  要爆发死他
2014-10-25 08:27:25 INFO ContentMinaHandler:90 - 接收到弹幕消息	小爆Ya : 蓝胖有2500分？？？
2014-10-25 08:27:26 INFO ContentMinaHandler:90 - 接收到弹幕消息	18566471618 : 羊刀
2014-10-25 08:27:29 INFO ContentMinaHandler:90 - 接收到弹幕消息	a130403 : 黝黑365
2014-10-25 08:27:29 INFO ContentMinaHandler:90 - 接收到弹幕消息	世界树 : 打钱很辛苦的
2014-10-25 08:27:32 INFO ContentMinaHandler:90 - 接收到弹幕消息	蝶舞嫣然 : 我来的时候16：12   ......
2014-10-25 08:27:35 INFO ContentMinaHandler:90 - 接收到弹幕消息	qq_aeJUqk : 队友：蓝胖爸爸，你在哪，
2014-10-25 08:27:47 INFO ContentMinaHandler:90 - 接收到弹幕消息	坠落の星星 : 总这么黑james真的好么！
2014-10-25 08:27:50 INFO ContentMinaHandler:90 - 接收到弹幕消息	花心萝卜是 : 蓝胖是大哥，等我a杖让你们明白
2014-10-25 08:27:51 INFO ContentMinaHandler:90 - 接收到弹幕消息	strawhatboy : 已经对这个回合制游戏绝望了
2014-10-25 08:28:06 INFO ContentMinaHandler:90 - 接收到弹幕消息	peng9001 : sdn和谁啊这是
2014-10-25 08:28:07 INFO ContentMinaHandler:90 - 接收到弹幕消息	smdx_yy : 解说是DC还是单车
2014-10-25 08:28:07 INFO ContentMinaHandler:90 - 接收到弹幕消息	long19755538 : 这人是谁啊？
2014-10-25 08:28:09 INFO ContentMinaHandler:104 - 接收到礼物消息	nts3000 赠送给主播100个鱼丸
2014-10-25 08:28:15 INFO ContentMinaHandler:90 - 接收到弹幕消息	人奸大炮 : 噗 puck这打钱...
2014-10-25 08:28:18 INFO ContentMinaHandler:90 - 接收到弹幕消息	fengyanshana : 要焦作人了吗
2014-10-25 08:28:22 INFO ContentMinaHandler:90 - 接收到弹幕消息	零墨 : 一个有梦想的男人。
2014-10-25 08:28:25 INFO ContentMinaHandler:90 - 接收到弹幕消息	qq_sX8cMC : 留不住
2014-10-25 08:28:25 INFO ContentMinaHandler:90 - 接收到弹幕消息	peng9001 : SDN，介绍介绍你男朋友，谢谢
2014-10-25 08:28:25 INFO ContentMinaHandler:90 - 接收到弹幕消息	908699275 : 另一个解说是谁
2014-10-25 08:28:25 INFO ContentMinaHandler:90 - 接收到弹幕消息	红尘皆乱 : 明显不是dc额=-=
2014-10-25 08:28:28 INFO ContentMinaHandler:90 - 接收到弹幕消息	mingjie923 : 好慢啊 EG的是14MIN A
2014-10-25 08:28:31 INFO ContentMinaHandler:90 - 接收到弹幕消息	peng9001 : SDN 介绍男朋友
2014-10-25 08:28:33 INFO ContentMinaHandler:90 - 接收到弹幕消息	听青春迎来笑声 : 哪有这么多篮放爆机啊
2014-10-25 08:28:34 INFO ContentMinaHandler:90 - 接收到弹幕消息	smdx_yy : 是单车吗...
2014-10-25 08:28:37 INFO ContentMinaHandler:90 - 接收到弹幕消息	908699275 : 另一个解说是谁？
2014-10-25 08:28:41 INFO ContentMinaHandler:90 - 接收到弹幕消息	龚建的TI梦 : SDN  你喜欢小飞机吗？
2014-10-25 08:28:42 INFO ContentMinaHandler:90 - 接收到弹幕消息	花重 : 0.0
2014-10-25 08:28:45 INFO ContentMinaHandler:90 - 接收到弹幕消息	q50892951 : ....
2014-10-25 08:28:45 INFO ContentMinaHandler:90 - 接收到弹幕消息	阿机ミ : 这两个解说是谁？
2014-10-25 08:28:45 INFO ContentMinaHandler:90 - 接收到弹幕消息	红尘皆乱 : 这个就布吉岛了
2014-10-25 08:28:47 INFO ContentMinaHandler:90 - 接收到弹幕消息	q50892951 : 66666666666666666666
2014-10-25 08:28:54 INFO ContentMinaHandler:90 - 接收到弹幕消息	俗人老金 : 肯定是小黄人啊
2014-10-25 08:28:55 INFO ContentMinaHandler:90 - 接收到弹幕消息	tenghaoqian : GAY觉怎么样啊SDN
2014-10-25 08:28:57 INFO ContentMinaHandler:90 - 接收到弹幕消息	peng9001 : 么么哒
2014-10-25 08:28:57 INFO ContentMinaHandler:90 - 接收到弹幕消息	人奸大炮 : 难道他不是男的吗？
2014-10-25 08:28:58 INFO ContentMinaHandler:90 - 接收到弹幕消息	坠落の星星 : 屎蛋你和谁解说呢……
2014-10-25 08:28:58 INFO ContentMinaHandler:90 - 接收到弹幕消息	快乐的肯尼 : 滥交狂魔屎蛋泥
2014-10-25 08:29:01 INFO ContentMinaHandler:90 - 接收到弹幕消息	又见番薯 : SDN好辛苦啊
2014-10-25 08:29:03 INFO ContentMinaHandler:90 - 接收到弹幕消息	世界树 : 难道是老公
2014-10-25 08:29:08 INFO ContentMinaHandler:90 - 接收到弹幕消息	peng9001 : sdn不要不要的
2014-10-25 08:29:09 INFO ContentMinaHandler:90 - 接收到弹幕消息	long19755538 : 他是谁哦
2014-10-25 08:29:10 INFO ContentMinaHandler:90 - 接收到弹幕消息	qq_sX8cMC : 龙心
2014-10-25 08:29:13 INFO ContentMinaHandler:90 - 接收到弹幕消息	红尘皆乱 : 我认识一小伙，虽然DO2打的不怎么样，但
2014-10-25 08:29:14 INFO ContentMinaHandler:90 - 接收到弹幕消息	xuqihao89 : 小黄人和他的搭档大黄人
2014-10-25 08:29:14 INFO ContentMinaHandler:90 - 接收到弹幕消息	烤小牛 : 龙心呗。都要上高了。
2014-10-25 08:29:15 INFO ContentMinaHandler:90 - 接收到弹幕消息	怀念童年 : 夫妻解说
2014-10-25 08:29:17 INFO ContentMinaHandler:90 - 接收到弹幕消息	renbaibai01 : 史丹泥复合肥~
2014-10-25 08:29:17 INFO ContentMinaHandler:90 - 接收到弹幕消息	红尘皆乱 : 歌唱的好
2014-10-25 08:29:20 INFO ContentMinaHandler:90 - 接收到弹幕消息	qq_xVnqEF : 开延时，不然被公公扣工资
2014-10-25 08:29:23 INFO ContentMinaHandler:90 - 接收到弹幕消息	zjj1314241 : 那是他嫂子 我会乱说？
2014-10-25 08:29:24 INFO ContentMinaHandler:90 - 接收到弹幕消息	佳宝11111 : sdn,上次看你解说你越发胖了
